{"/home/user/designdiff/app/desktop/src/component/compare/compare-canvas.tsx": {"path":"/home/user/designdiff/app/desktop/src/component/compare/compare-canvas.tsx","all":false,"statementMap":{"0":{"start":{"line":1,"column":0},"end":{"line":1,"column":52}},"2":{"start":{"line":3,"column":0},"end":{"line":3,"column":47}},"4":{"start":{"line":5,"column":0},"end":{"line":5,"column":47}},"5":{"start":{"line":6,"column":0},"end":{"line":6,"column":62}},"6":{"start":{"line":7,"column":0},"end":{"line":7,"column":32}},"7":{"start":{"line":8,"column":0},"end":{"line":8,"column":71}},"11":{"start":{"line":12,"column":0},"end":{"line":12,"column":89}},"12":{"start":{"line":13,"column":0},"end":{"line":13,"column":42}},"13":{"start":{"line":14,"column":0},"end":{"line":14,"column":1}},"15":{"start":{"line":16,"column":0},"end":{"line":16,"column":97}},"16":{"start":{"line":17,"column":0},"end":{"line":17,"column":50}},"17":{"start":{"line":18,"column":0},"end":{"line":18,"column":1}},"19":{"start":{"line":20,"column":0},"end":{"line":20,"column":32}},"20":{"start":{"line":21,"column":0},"end":{"line":21,"column":32}},"21":{"start":{"line":22,"column":0},"end":{"line":22,"column":34}},"22":{"start":{"line":23,"column":0},"end":{"line":23,"column":38}},"23":{"start":{"line":24,"column":0},"end":{"line":24,"column":18}},"24":{"start":{"line":25,"column":0},"end":{"line":25,"column":3}},"25":{"start":{"line":26,"column":0},"end":{"line":26,"column":50}},"26":{"start":{"line":27,"column":0},"end":{"line":27,"column":15}},"27":{"start":{"line":28,"column":0},"end":{"line":28,"column":30}},"28":{"start":{"line":29,"column":0},"end":{"line":29,"column":32}},"29":{"start":{"line":30,"column":0},"end":{"line":30,"column":26}},"30":{"start":{"line":31,"column":0},"end":{"line":31,"column":3}},"31":{"start":{"line":32,"column":0},"end":{"line":32,"column":1}},"33":{"start":{"line":34,"column":0},"end":{"line":34,"column":25}},"34":{"start":{"line":35,"column":0},"end":{"line":35,"column":32}},"35":{"start":{"line":36,"column":0},"end":{"line":36,"column":28}},"36":{"start":{"line":37,"column":0},"end":{"line":37,"column":34}},"37":{"start":{"line":38,"column":0},"end":{"line":38,"column":38}},"38":{"start":{"line":39,"column":0},"end":{"line":39,"column":24}},"39":{"start":{"line":40,"column":0},"end":{"line":40,"column":3}},"40":{"start":{"line":41,"column":0},"end":{"line":41,"column":46}},"41":{"start":{"line":42,"column":0},"end":{"line":42,"column":15}},"42":{"start":{"line":43,"column":0},"end":{"line":43,"column":15}},"43":{"start":{"line":44,"column":0},"end":{"line":44,"column":20}},"44":{"start":{"line":45,"column":0},"end":{"line":45,"column":42}},"45":{"start":{"line":46,"column":0},"end":{"line":46,"column":15}},"46":{"start":{"line":47,"column":0},"end":{"line":47,"column":32}},"47":{"start":{"line":48,"column":0},"end":{"line":48,"column":18}},"48":{"start":{"line":49,"column":0},"end":{"line":49,"column":3}},"49":{"start":{"line":50,"column":0},"end":{"line":50,"column":19}},"50":{"start":{"line":51,"column":0},"end":{"line":51,"column":15}},"51":{"start":{"line":52,"column":0},"end":{"line":52,"column":20}},"52":{"start":{"line":53,"column":0},"end":{"line":53,"column":62}},"53":{"start":{"line":54,"column":0},"end":{"line":54,"column":15}},"54":{"start":{"line":55,"column":0},"end":{"line":55,"column":36}},"55":{"start":{"line":56,"column":0},"end":{"line":56,"column":18}},"56":{"start":{"line":57,"column":0},"end":{"line":57,"column":3}},"57":{"start":{"line":58,"column":0},"end":{"line":58,"column":27}},"58":{"start":{"line":59,"column":0},"end":{"line":59,"column":20}},"59":{"start":{"line":60,"column":0},"end":{"line":60,"column":18}},"60":{"start":{"line":61,"column":0},"end":{"line":61,"column":24}},"61":{"start":{"line":62,"column":0},"end":{"line":62,"column":36}},"62":{"start":{"line":63,"column":0},"end":{"line":63,"column":15}},"63":{"start":{"line":64,"column":0},"end":{"line":64,"column":1}},"65":{"start":{"line":66,"column":0},"end":{"line":66,"column":25}},"66":{"start":{"line":67,"column":0},"end":{"line":67,"column":32}},"67":{"start":{"line":68,"column":0},"end":{"line":68,"column":34}},"68":{"start":{"line":69,"column":0},"end":{"line":69,"column":38}},"69":{"start":{"line":70,"column":0},"end":{"line":70,"column":3}},"70":{"start":{"line":71,"column":0},"end":{"line":71,"column":29}},"71":{"start":{"line":72,"column":0},"end":{"line":72,"column":26}},"72":{"start":{"line":73,"column":0},"end":{"line":73,"column":32}},"73":{"start":{"line":74,"column":0},"end":{"line":74,"column":48}},"74":{"start":{"line":75,"column":0},"end":{"line":75,"column":36}},"75":{"start":{"line":76,"column":0},"end":{"line":76,"column":49}},"76":{"start":{"line":77,"column":0},"end":{"line":77,"column":26}},"77":{"start":{"line":78,"column":0},"end":{"line":78,"column":3}},"78":{"start":{"line":79,"column":0},"end":{"line":79,"column":1}},"80":{"start":{"line":81,"column":0},"end":{"line":81,"column":30}},"81":{"start":{"line":82,"column":0},"end":{"line":82,"column":32}},"82":{"start":{"line":83,"column":0},"end":{"line":83,"column":34}},"83":{"start":{"line":84,"column":0},"end":{"line":84,"column":38}},"84":{"start":{"line":85,"column":0},"end":{"line":85,"column":18}},"85":{"start":{"line":86,"column":0},"end":{"line":86,"column":35}},"86":{"start":{"line":87,"column":0},"end":{"line":87,"column":3}},"87":{"start":{"line":88,"column":0},"end":{"line":88,"column":50}},"88":{"start":{"line":89,"column":0},"end":{"line":89,"column":15}},"89":{"start":{"line":90,"column":0},"end":{"line":90,"column":30}},"90":{"start":{"line":91,"column":0},"end":{"line":91,"column":46}},"91":{"start":{"line":92,"column":0},"end":{"line":92,"column":26}},"92":{"start":{"line":93,"column":0},"end":{"line":93,"column":3}},"93":{"start":{"line":94,"column":0},"end":{"line":94,"column":1}},"95":{"start":{"line":96,"column":0},"end":{"line":96,"column":29}},"96":{"start":{"line":97,"column":0},"end":{"line":97,"column":32}},"97":{"start":{"line":98,"column":0},"end":{"line":98,"column":38}},"98":{"start":{"line":99,"column":0},"end":{"line":99,"column":33}},"99":{"start":{"line":100,"column":0},"end":{"line":100,"column":3}},"100":{"start":{"line":101,"column":0},"end":{"line":101,"column":19}},"101":{"start":{"line":102,"column":0},"end":{"line":102,"column":75}},"102":{"start":{"line":103,"column":0},"end":{"line":103,"column":33}},"103":{"start":{"line":104,"column":0},"end":{"line":104,"column":26}},"104":{"start":{"line":105,"column":0},"end":{"line":105,"column":36}},"105":{"start":{"line":106,"column":0},"end":{"line":106,"column":3}},"106":{"start":{"line":107,"column":0},"end":{"line":107,"column":1}},"120":{"start":{"line":121,"column":0},"end":{"line":121,"column":51}},"121":{"start":{"line":122,"column":0},"end":{"line":122,"column":53}},"122":{"start":{"line":123,"column":0},"end":{"line":123,"column":35}},"123":{"start":{"line":124,"column":0},"end":{"line":124,"column":19}},"125":{"start":{"line":126,"column":0},"end":{"line":126,"column":27}},"126":{"start":{"line":127,"column":0},"end":{"line":127,"column":29}},"127":{"start":{"line":128,"column":0},"end":{"line":128,"column":51}},"129":{"start":{"line":130,"column":0},"end":{"line":130,"column":28}},"130":{"start":{"line":131,"column":0},"end":{"line":131,"column":23}},"131":{"start":{"line":132,"column":0},"end":{"line":132,"column":34}},"132":{"start":{"line":133,"column":0},"end":{"line":133,"column":12}},"133":{"start":{"line":134,"column":0},"end":{"line":134,"column":26}},"134":{"start":{"line":135,"column":0},"end":{"line":135,"column":42}},"135":{"start":{"line":136,"column":0},"end":{"line":136,"column":12}},"136":{"start":{"line":137,"column":0},"end":{"line":137,"column":31}},"137":{"start":{"line":138,"column":0},"end":{"line":138,"column":77}},"138":{"start":{"line":139,"column":0},"end":{"line":139,"column":12}},"139":{"start":{"line":140,"column":0},"end":{"line":140,"column":24}},"140":{"start":{"line":141,"column":0},"end":{"line":141,"column":77}},"141":{"start":{"line":142,"column":0},"end":{"line":142,"column":12}},"142":{"start":{"line":143,"column":0},"end":{"line":143,"column":24}},"143":{"start":{"line":144,"column":0},"end":{"line":144,"column":47}},"144":{"start":{"line":145,"column":0},"end":{"line":145,"column":12}},"145":{"start":{"line":146,"column":0},"end":{"line":146,"column":29}},"146":{"start":{"line":147,"column":0},"end":{"line":147,"column":94}},"147":{"start":{"line":148,"column":0},"end":{"line":148,"column":12}},"148":{"start":{"line":149,"column":0},"end":{"line":149,"column":22}},"149":{"start":{"line":150,"column":0},"end":{"line":150,"column":62}},"150":{"start":{"line":151,"column":0},"end":{"line":151,"column":12}},"151":{"start":{"line":152,"column":0},"end":{"line":152,"column":3}},"152":{"start":{"line":153,"column":0},"end":{"line":153,"column":1}},"156":{"start":{"line":157,"column":0},"end":{"line":157,"column":33}},"157":{"start":{"line":158,"column":0},"end":{"line":158,"column":52}},"158":{"start":{"line":159,"column":0},"end":{"line":159,"column":58}},"159":{"start":{"line":160,"column":0},"end":{"line":160,"column":63}},"160":{"start":{"line":161,"column":0},"end":{"line":161,"column":62}},"163":{"start":{"line":164,"column":0},"end":{"line":164,"column":32}},"168":{"start":{"line":169,"column":0},"end":{"line":169,"column":79}},"170":{"start":{"line":171,"column":0},"end":{"line":171,"column":33}},"171":{"start":{"line":172,"column":0},"end":{"line":172,"column":60}},"172":{"start":{"line":173,"column":0},"end":{"line":173,"column":68}},"173":{"start":{"line":174,"column":0},"end":{"line":174,"column":64}},"174":{"start":{"line":175,"column":0},"end":{"line":175,"column":57}},"175":{"start":{"line":176,"column":0},"end":{"line":176,"column":54}},"176":{"start":{"line":177,"column":0},"end":{"line":177,"column":66}},"177":{"start":{"line":178,"column":0},"end":{"line":178,"column":54}},"179":{"start":{"line":180,"column":0},"end":{"line":180,"column":79}},"180":{"start":{"line":181,"column":0},"end":{"line":181,"column":20}},"181":{"start":{"line":182,"column":0},"end":{"line":182,"column":5}},"183":{"start":{"line":184,"column":0},"end":{"line":184,"column":19}},"184":{"start":{"line":185,"column":0},"end":{"line":185,"column":37}},"185":{"start":{"line":186,"column":0},"end":{"line":186,"column":24}},"186":{"start":{"line":187,"column":0},"end":{"line":187,"column":40}},"187":{"start":{"line":188,"column":0},"end":{"line":188,"column":21}},"189":{"start":{"line":190,"column":0},"end":{"line":190,"column":30}},"190":{"start":{"line":191,"column":0},"end":{"line":191,"column":45}},"191":{"start":{"line":192,"column":0},"end":{"line":192,"column":57}},"192":{"start":{"line":193,"column":0},"end":{"line":193,"column":15}},"193":{"start":{"line":194,"column":0},"end":{"line":194,"column":7}},"196":{"start":{"line":197,"column":0},"end":{"line":197,"column":42}},"197":{"start":{"line":198,"column":0},"end":{"line":198,"column":42}},"198":{"start":{"line":199,"column":0},"end":{"line":199,"column":46}},"200":{"start":{"line":201,"column":0},"end":{"line":201,"column":44}},"201":{"start":{"line":202,"column":0},"end":{"line":202,"column":30}},"202":{"start":{"line":203,"column":0},"end":{"line":203,"column":14}},"203":{"start":{"line":204,"column":0},"end":{"line":204,"column":67}},"204":{"start":{"line":205,"column":0},"end":{"line":205,"column":38}},"205":{"start":{"line":206,"column":0},"end":{"line":206,"column":30}},"206":{"start":{"line":207,"column":0},"end":{"line":207,"column":7}},"208":{"start":{"line":209,"column":0},"end":{"line":209,"column":52}},"209":{"start":{"line":210,"column":0},"end":{"line":210,"column":38}},"210":{"start":{"line":211,"column":0},"end":{"line":211,"column":14}},"211":{"start":{"line":212,"column":0},"end":{"line":212,"column":79}},"212":{"start":{"line":213,"column":0},"end":{"line":213,"column":46}},"213":{"start":{"line":214,"column":0},"end":{"line":214,"column":38}},"214":{"start":{"line":215,"column":0},"end":{"line":215,"column":7}},"216":{"start":{"line":217,"column":0},"end":{"line":217,"column":28}},"217":{"start":{"line":218,"column":0},"end":{"line":218,"column":15}},"218":{"start":{"line":219,"column":0},"end":{"line":219,"column":12}},"219":{"start":{"line":220,"column":0},"end":{"line":220,"column":17}},"220":{"start":{"line":221,"column":0},"end":{"line":221,"column":15}},"221":{"start":{"line":222,"column":0},"end":{"line":222,"column":19}},"222":{"start":{"line":223,"column":0},"end":{"line":223,"column":23}},"223":{"start":{"line":224,"column":0},"end":{"line":224,"column":22}},"224":{"start":{"line":225,"column":0},"end":{"line":225,"column":19}},"225":{"start":{"line":226,"column":0},"end":{"line":226,"column":36}},"226":{"start":{"line":227,"column":0},"end":{"line":227,"column":9}},"227":{"start":{"line":228,"column":0},"end":{"line":228,"column":6}},"229":{"start":{"line":230,"column":0},"end":{"line":230,"column":45}},"230":{"start":{"line":231,"column":0},"end":{"line":231,"column":6}},"231":{"start":{"line":232,"column":0},"end":{"line":232,"column":16}},"232":{"start":{"line":233,"column":0},"end":{"line":233,"column":20}},"233":{"start":{"line":234,"column":0},"end":{"line":234,"column":20}},"234":{"start":{"line":235,"column":0},"end":{"line":235,"column":13}},"235":{"start":{"line":236,"column":0},"end":{"line":236,"column":19}},"236":{"start":{"line":237,"column":0},"end":{"line":237,"column":18}},"237":{"start":{"line":238,"column":0},"end":{"line":238,"column":15}},"238":{"start":{"line":239,"column":0},"end":{"line":239,"column":13}},"239":{"start":{"line":240,"column":0},"end":{"line":240,"column":5}},"241":{"start":{"line":242,"column":0},"end":{"line":242,"column":33}},"242":{"start":{"line":243,"column":0},"end":{"line":243,"column":74}},"243":{"start":{"line":244,"column":0},"end":{"line":244,"column":30}},"244":{"start":{"line":245,"column":0},"end":{"line":245,"column":5}},"245":{"start":{"line":246,"column":0},"end":{"line":246,"column":4}},"247":{"start":{"line":248,"column":0},"end":{"line":248,"column":71}},"248":{"start":{"line":249,"column":0},"end":{"line":249,"column":61}},"249":{"start":{"line":250,"column":0},"end":{"line":250,"column":32}},"250":{"start":{"line":251,"column":0},"end":{"line":251,"column":40}},"251":{"start":{"line":252,"column":0},"end":{"line":252,"column":40}},"252":{"start":{"line":253,"column":0},"end":{"line":253,"column":10}},"253":{"start":{"line":254,"column":0},"end":{"line":254,"column":5}},"254":{"start":{"line":255,"column":0},"end":{"line":255,"column":77}},"255":{"start":{"line":256,"column":0},"end":{"line":256,"column":61}},"256":{"start":{"line":257,"column":0},"end":{"line":257,"column":38}},"257":{"start":{"line":258,"column":0},"end":{"line":258,"column":65}},"258":{"start":{"line":259,"column":0},"end":{"line":259,"column":5}},"259":{"start":{"line":260,"column":0},"end":{"line":260,"column":4}},"261":{"start":{"line":262,"column":0},"end":{"line":262,"column":31}},"262":{"start":{"line":263,"column":0},"end":{"line":263,"column":29}},"263":{"start":{"line":264,"column":0},"end":{"line":264,"column":4}},"265":{"start":{"line":266,"column":0},"end":{"line":266,"column":10}},"266":{"start":{"line":267,"column":0},"end":{"line":267,"column":8}},"267":{"start":{"line":268,"column":0},"end":{"line":268,"column":24}},"268":{"start":{"line":269,"column":0},"end":{"line":269,"column":68}},"269":{"start":{"line":270,"column":0},"end":{"line":270,"column":44}},"271":{"start":{"line":272,"column":0},"end":{"line":272,"column":34}},"272":{"start":{"line":273,"column":0},"end":{"line":273,"column":15}},"273":{"start":{"line":274,"column":0},"end":{"line":274,"column":25}},"274":{"start":{"line":275,"column":0},"end":{"line":275,"column":39}},"275":{"start":{"line":276,"column":0},"end":{"line":276,"column":39}},"276":{"start":{"line":277,"column":0},"end":{"line":277,"column":35}},"277":{"start":{"line":278,"column":0},"end":{"line":278,"column":38}},"278":{"start":{"line":279,"column":0},"end":{"line":279,"column":24}},"279":{"start":{"line":280,"column":0},"end":{"line":280,"column":35}},"280":{"start":{"line":281,"column":0},"end":{"line":281,"column":44}},"281":{"start":{"line":282,"column":0},"end":{"line":282,"column":29}},"282":{"start":{"line":283,"column":0},"end":{"line":283,"column":43}},"283":{"start":{"line":284,"column":0},"end":{"line":284,"column":36}},"284":{"start":{"line":285,"column":0},"end":{"line":285,"column":35}},"285":{"start":{"line":286,"column":0},"end":{"line":286,"column":12}},"286":{"start":{"line":287,"column":0},"end":{"line":287,"column":20}},"287":{"start":{"line":288,"column":0},"end":{"line":288,"column":47}},"288":{"start":{"line":289,"column":0},"end":{"line":289,"column":10}},"289":{"start":{"line":290,"column":0},"end":{"line":290,"column":12}},"290":{"start":{"line":291,"column":0},"end":{"line":291,"column":138}},"291":{"start":{"line":292,"column":0},"end":{"line":292,"column":34}},"292":{"start":{"line":293,"column":0},"end":{"line":293,"column":12}},"293":{"start":{"line":294,"column":0},"end":{"line":294,"column":137}},"294":{"start":{"line":295,"column":0},"end":{"line":295,"column":26}},"295":{"start":{"line":296,"column":0},"end":{"line":296,"column":12}},"296":{"start":{"line":297,"column":0},"end":{"line":297,"column":13}},"297":{"start":{"line":298,"column":0},"end":{"line":298,"column":23}},"298":{"start":{"line":299,"column":0},"end":{"line":299,"column":17}},"299":{"start":{"line":300,"column":0},"end":{"line":300,"column":124}},"300":{"start":{"line":301,"column":0},"end":{"line":301,"column":27}},"302":{"start":{"line":303,"column":0},"end":{"line":303,"column":27}},"303":{"start":{"line":304,"column":0},"end":{"line":304,"column":15}},"304":{"start":{"line":305,"column":0},"end":{"line":305,"column":10}},"306":{"start":{"line":307,"column":0},"end":{"line":307,"column":1}},"308":{"start":{"line":309,"column":0},"end":{"line":309,"column":66}},"309":{"start":{"line":310,"column":0},"end":{"line":310,"column":43}},"310":{"start":{"line":311,"column":0},"end":{"line":311,"column":28}},"311":{"start":{"line":312,"column":0},"end":{"line":312,"column":36}},"312":{"start":{"line":313,"column":0},"end":{"line":313,"column":25}},"313":{"start":{"line":314,"column":0},"end":{"line":314,"column":18}},"314":{"start":{"line":315,"column":0},"end":{"line":315,"column":5}},"315":{"start":{"line":316,"column":0},"end":{"line":316,"column":1}}},"s":{"0":1,"2":1,"4":1,"5":1,"6":1,"7":1,"11":0,"12":0,"13":0,"15":0,"16":0,"17":0,"19":0,"20":0,"21":0,"22":0,"23":0,"24":0,"25":0,"26":0,"27":0,"28":0,"29":0,"30":0,"31":0,"33":0,"34":0,"35":0,"36":0,"37":0,"38":0,"39":0,"40":0,"41":0,"42":0,"43":0,"44":0,"45":0,"46":0,"47":0,"48":0,"49":0,"50":0,"51":0,"52":0,"53":0,"54":0,"55":0,"56":0,"57":0,"58":0,"59":0,"60":0,"61":0,"62":0,"63":0,"65":0,"66":0,"67":0,"68":0,"69":0,"70":0,"71":0,"72":0,"73":0,"74":0,"75":0,"76":0,"77":0,"78":0,"80":0,"81":0,"82":0,"83":0,"84":0,"85":0,"86":0,"87":0,"88":0,"89":0,"90":0,"91":0,"92":0,"93":0,"95":0,"96":0,"97":0,"98":0,"99":0,"100":0,"101":0,"102":0,"103":0,"104":0,"105":0,"106":0,"120":0,"121":0,"122":0,"123":0,"125":0,"126":0,"127":0,"129":0,"130":0,"131":0,"132":0,"133":0,"134":0,"135":0,"136":0,"137":0,"138":0,"139":0,"140":0,"141":0,"142":0,"143":0,"144":0,"145":0,"146":0,"147":0,"148":0,"149":0,"150":0,"151":0,"152":0,"156":1,"157":8,"158":8,"159":8,"160":8,"163":8,"168":8,"170":8,"171":8,"172":8,"173":8,"174":8,"175":8,"176":8,"177":8,"179":8,"180":8,"181":8,"183":8,"184":8,"185":8,"186":8,"187":8,"189":8,"190":8,"191":5,"192":5,"193":5,"196":3,"197":3,"198":3,"200":8,"201":0,"202":8,"203":3,"204":3,"205":3,"206":3,"208":0,"209":0,"210":0,"211":0,"212":0,"213":0,"214":0,"216":0,"217":0,"218":0,"219":0,"220":0,"221":0,"222":0,"223":0,"224":0,"225":0,"226":0,"227":8,"229":8,"230":8,"231":8,"232":8,"233":8,"234":8,"235":8,"236":8,"237":8,"238":8,"239":8,"241":8,"242":0,"243":0,"244":0,"245":0,"247":8,"248":0,"249":0,"250":0,"251":0,"252":0,"253":0,"254":0,"255":0,"256":0,"257":0,"258":0,"259":0,"261":8,"262":0,"263":0,"265":8,"266":8,"267":8,"268":8,"269":8,"271":8,"272":8,"273":8,"274":8,"275":8,"276":8,"277":8,"278":8,"279":8,"280":8,"281":1,"282":7,"283":1,"284":6,"285":8,"286":8,"287":8,"288":8,"289":8,"290":8,"291":8,"292":8,"293":8,"294":8,"295":8,"296":8,"297":8,"298":8,"299":8,"300":8,"302":8,"303":8,"304":8,"306":8,"308":3,"309":3,"310":3,"311":3,"312":3,"313":3,"314":3,"315":3},"branchMap":{"0":{"type":"branch","line":157,"loc":{"start":{"line":157,"column":7},"end":{"line":307,"column":1}},"locations":[{"start":{"line":157,"column":7},"end":{"line":307,"column":1}}]},"1":{"type":"branch","line":175,"loc":{"start":{"line":175,"column":26},"end":{"line":175,"column":57}},"locations":[{"start":{"line":175,"column":26},"end":{"line":175,"column":57}}]},"2":{"type":"branch","line":281,"loc":{"start":{"line":281,"column":25},"end":{"line":282,"column":29}},"locations":[{"start":{"line":281,"column":25},"end":{"line":282,"column":29}}]},"3":{"type":"branch","line":282,"loc":{"start":{"line":282,"column":16},"end":{"line":285,"column":35}},"locations":[{"start":{"line":282,"column":16},"end":{"line":285,"column":35}}]},"4":{"type":"branch","line":283,"loc":{"start":{"line":283,"column":29},"end":{"line":284,"column":36}},"locations":[{"start":{"line":283,"column":29},"end":{"line":284,"column":36}}]},"5":{"type":"branch","line":284,"loc":{"start":{"line":284,"column":18},"end":{"line":285,"column":35}},"locations":[{"start":{"line":284,"column":18},"end":{"line":285,"column":35}}]},"6":{"type":"branch","line":172,"loc":{"start":{"line":172,"column":38},"end":{"line":172,"column":58}},"locations":[{"start":{"line":172,"column":38},"end":{"line":172,"column":58}}]},"7":{"type":"branch","line":173,"loc":{"start":{"line":173,"column":42},"end":{"line":173,"column":66}},"locations":[{"start":{"line":173,"column":42},"end":{"line":173,"column":66}}]},"8":{"type":"branch","line":174,"loc":{"start":{"line":174,"column":40},"end":{"line":174,"column":62}},"locations":[{"start":{"line":174,"column":40},"end":{"line":174,"column":62}}]},"9":{"type":"branch","line":176,"loc":{"start":{"line":176,"column":35},"end":{"line":176,"column":52}},"locations":[{"start":{"line":176,"column":35},"end":{"line":176,"column":52}}]},"10":{"type":"branch","line":177,"loc":{"start":{"line":177,"column":41},"end":{"line":177,"column":64}},"locations":[{"start":{"line":177,"column":41},"end":{"line":177,"column":64}}]},"11":{"type":"branch","line":178,"loc":{"start":{"line":178,"column":35},"end":{"line":178,"column":52}},"locations":[{"start":{"line":178,"column":35},"end":{"line":178,"column":52}}]},"12":{"type":"branch","line":184,"loc":{"start":{"line":184,"column":12},"end":{"line":231,"column":5}},"locations":[{"start":{"line":184,"column":12},"end":{"line":231,"column":5}}]},"13":{"type":"branch","line":186,"loc":{"start":{"line":186,"column":17},"end":{"line":186,"column":24}},"locations":[{"start":{"line":186,"column":17},"end":{"line":186,"column":24}}]},"14":{"type":"branch","line":188,"loc":{"start":{"line":188,"column":14},"end":{"line":188,"column":21}},"locations":[{"start":{"line":188,"column":14},"end":{"line":188,"column":21}}]},"15":{"type":"branch","line":190,"loc":{"start":{"line":190,"column":17},"end":{"line":228,"column":6}},"locations":[{"start":{"line":190,"column":17},"end":{"line":228,"column":6}}]},"16":{"type":"branch","line":191,"loc":{"start":{"line":191,"column":11},"end":{"line":191,"column":44}},"locations":[{"start":{"line":191,"column":11},"end":{"line":191,"column":44}}]},"17":{"type":"branch","line":191,"loc":{"start":{"line":191,"column":44},"end":{"line":194,"column":7}},"locations":[{"start":{"line":191,"column":44},"end":{"line":194,"column":7}}]},"18":{"type":"branch","line":194,"loc":{"start":{"line":194,"column":6},"end":{"line":201,"column":43}},"locations":[{"start":{"line":194,"column":6},"end":{"line":201,"column":43}}]},"19":{"type":"branch","line":201,"loc":{"start":{"line":201,"column":43},"end":{"line":203,"column":13}},"locations":[{"start":{"line":201,"column":43},"end":{"line":203,"column":13}}]},"20":{"type":"branch","line":203,"loc":{"start":{"line":203,"column":6},"end":{"line":207,"column":7}},"locations":[{"start":{"line":203,"column":6},"end":{"line":207,"column":7}}]},"21":{"type":"branch","line":204,"loc":{"start":{"line":204,"column":58},"end":{"line":204,"column":67}},"locations":[{"start":{"line":204,"column":58},"end":{"line":204,"column":67}}]},"22":{"type":"branch","line":207,"loc":{"start":{"line":207,"column":6},"end":{"line":227,"column":9}},"locations":[{"start":{"line":207,"column":6},"end":{"line":227,"column":9}}]},"23":{"type":"branch","line":309,"loc":{"start":{"line":309,"column":0},"end":{"line":316,"column":1}},"locations":[{"start":{"line":309,"column":0},"end":{"line":316,"column":1}}]},"24":{"type":"branch","line":310,"loc":{"start":{"line":310,"column":21},"end":{"line":315,"column":3}},"locations":[{"start":{"line":310,"column":21},"end":{"line":315,"column":3}}]}},"b":{"0":[8],"1":[0],"2":[1],"3":[7],"4":[1],"5":[6],"6":[24],"7":[24],"8":[24],"9":[24],"10":[24],"11":[24],"12":[8],"13":[0],"14":[0],"15":[8],"16":[5],"17":[5],"18":[3],"19":[0],"20":[3],"21":[0],"22":[0],"23":[3],"24":[3]},"fnMap":{"0":{"name":"drawDesignOnly","decl":{"start":{"line":12,"column":0},"end":{"line":14,"column":1}},"loc":{"start":{"line":12,"column":0},"end":{"line":14,"column":1}},"line":12},"1":{"name":"drawImplementation","decl":{"start":{"line":16,"column":0},"end":{"line":18,"column":1}},"loc":{"start":{"line":16,"column":0},"end":{"line":18,"column":1}},"line":16},"2":{"name":"drawTransparentOverlay","decl":{"start":{"line":20,"column":0},"end":{"line":32,"column":1}},"loc":{"start":{"line":20,"column":0},"end":{"line":32,"column":1}},"line":20},"3":{"name":"drawSplitScreen","decl":{"start":{"line":34,"column":0},"end":{"line":64,"column":1}},"loc":{"start":{"line":34,"column":0},"end":{"line":64,"column":1}},"line":34},"4":{"name":"drawBlendedDiff","decl":{"start":{"line":66,"column":0},"end":{"line":79,"column":1}},"loc":{"start":{"line":66,"column":0},"end":{"line":79,"column":1}},"line":66},"5":{"name":"drawDraggableOverlay","decl":{"start":{"line":81,"column":0},"end":{"line":94,"column":1}},"loc":{"start":{"line":81,"column":0},"end":{"line":94,"column":1}},"line":81},"6":{"name":"drawPixelDiff","decl":{"start":{"line":96,"column":0},"end":{"line":107,"column":1}},"loc":{"start":{"line":96,"column":0},"end":{"line":107,"column":1}},"line":96},"7":{"name":"drawByViewMode","decl":{"start":{"line":121,"column":0},"end":{"line":153,"column":1}},"loc":{"start":{"line":121,"column":0},"end":{"line":153,"column":1}},"line":121},"8":{"name":"CompareCanvas","decl":{"start":{"line":157,"column":7},"end":{"line":307,"column":1}},"loc":{"start":{"line":157,"column":7},"end":{"line":307,"column":1}},"line":157},"9":{"name":"draw","decl":{"start":{"line":190,"column":17},"end":{"line":228,"column":6}},"loc":{"start":{"line":190,"column":17},"end":{"line":228,"column":6}},"line":190},"10":{"name":"handleMouseDown","decl":{"start":{"line":242,"column":26},"end":{"line":246,"column":4}},"loc":{"start":{"line":242,"column":26},"end":{"line":246,"column":4}},"line":242},"11":{"name":"handleMouseMove","decl":{"start":{"line":248,"column":26},"end":{"line":260,"column":4}},"loc":{"start":{"line":248,"column":26},"end":{"line":260,"column":4}},"line":248},"12":{"name":"handleMouseUp","decl":{"start":{"line":262,"column":24},"end":{"line":264,"column":4}},"loc":{"start":{"line":262,"column":24},"end":{"line":264,"column":4}},"line":262},"13":{"name":"loadImage","decl":{"start":{"line":309,"column":0},"end":{"line":316,"column":1}},"loc":{"start":{"line":309,"column":0},"end":{"line":316,"column":1}},"line":309},"14":{"name":"img.onload","decl":{"start":{"line":312,"column":17},"end":{"line":312,"column":36}},"loc":{"start":{"line":312,"column":17},"end":{"line":312,"column":36}},"line":312}},"f":{"0":0,"1":0,"2":0,"3":0,"4":0,"5":0,"6":0,"7":0,"8":8,"9":8,"10":0,"11":0,"12":0,"13":3,"14":0}}
,"/home/user/designdiff/app/desktop/src/component/compare/compare-page.tsx": {"path":"/home/user/designdiff/app/desktop/src/component/compare/compare-page.tsx","all":false,"statementMap":{"0":{"start":{"line":1,"column":0},"end":{"line":1,"column":44}},"2":{"start":{"line":3,"column":0},"end":{"line":3,"column":62}},"3":{"start":{"line":4,"column":0},"end":{"line":4,"column":47}},"5":{"start":{"line":6,"column":0},"end":{"line":6,"column":45}},"6":{"start":{"line":7,"column":0},"end":{"line":7,"column":47}},"7":{"start":{"line":8,"column":0},"end":{"line":8,"column":43}},"8":{"start":{"line":9,"column":0},"end":{"line":9,"column":45}},"9":{"start":{"line":10,"column":0},"end":{"line":10,"column":45}},"10":{"start":{"line":11,"column":0},"end":{"line":11,"column":53}},"11":{"start":{"line":12,"column":0},"end":{"line":12,"column":47}},"12":{"start":{"line":13,"column":0},"end":{"line":13,"column":65}},"13":{"start":{"line":14,"column":0},"end":{"line":14,"column":45}},"14":{"start":{"line":15,"column":0},"end":{"line":15,"column":32}},"15":{"start":{"line":16,"column":0},"end":{"line":16,"column":56}},"16":{"start":{"line":17,"column":0},"end":{"line":17,"column":56}},"18":{"start":{"line":19,"column":0},"end":{"line":19,"column":49}},"19":{"start":{"line":20,"column":0},"end":{"line":20,"column":52}},"21":{"start":{"line":22,"column":0},"end":{"line":22,"column":62}},"22":{"start":{"line":23,"column":0},"end":{"line":23,"column":33}},"23":{"start":{"line":24,"column":0},"end":{"line":24,"column":10}},"24":{"start":{"line":25,"column":0},"end":{"line":25,"column":45}},"25":{"start":{"line":26,"column":0},"end":{"line":26,"column":10}},"26":{"start":{"line":27,"column":0},"end":{"line":27,"column":22}},"27":{"start":{"line":28,"column":0},"end":{"line":28,"column":84}},"28":{"start":{"line":29,"column":0},"end":{"line":29,"column":86}},"29":{"start":{"line":30,"column":0},"end":{"line":30,"column":10}},"31":{"start":{"line":32,"column":0},"end":{"line":32,"column":61}},"32":{"start":{"line":33,"column":0},"end":{"line":33,"column":12}},"33":{"start":{"line":34,"column":0},"end":{"line":34,"column":65}},"34":{"start":{"line":35,"column":0},"end":{"line":35,"column":21}},"35":{"start":{"line":36,"column":0},"end":{"line":36,"column":55}},"36":{"start":{"line":37,"column":0},"end":{"line":37,"column":37}},"37":{"start":{"line":38,"column":0},"end":{"line":38,"column":16}},"39":{"start":{"line":40,"column":0},"end":{"line":40,"column":10}},"41":{"start":{"line":42,"column":0},"end":{"line":42,"column":1}},"43":{"start":{"line":44,"column":0},"end":{"line":44,"column":26}},"44":{"start":{"line":45,"column":0},"end":{"line":45,"column":16}},"45":{"start":{"line":46,"column":0},"end":{"line":46,"column":17}},"46":{"start":{"line":47,"column":0},"end":{"line":47,"column":12}},"47":{"start":{"line":48,"column":0},"end":{"line":48,"column":15}},"48":{"start":{"line":49,"column":0},"end":{"line":49,"column":9}},"49":{"start":{"line":50,"column":0},"end":{"line":50,"column":10}},"50":{"start":{"line":51,"column":0},"end":{"line":51,"column":4}},"57":{"start":{"line":58,"column":0},"end":{"line":58,"column":4}},"58":{"start":{"line":59,"column":0},"end":{"line":59,"column":33}},"59":{"start":{"line":60,"column":0},"end":{"line":60,"column":10}},"60":{"start":{"line":61,"column":0},"end":{"line":61,"column":52}},"61":{"start":{"line":62,"column":0},"end":{"line":62,"column":10}},"62":{"start":{"line":63,"column":0},"end":{"line":63,"column":22}},"63":{"start":{"line":64,"column":0},"end":{"line":64,"column":84}},"64":{"start":{"line":65,"column":0},"end":{"line":65,"column":86}},"65":{"start":{"line":66,"column":0},"end":{"line":66,"column":10}},"67":{"start":{"line":68,"column":0},"end":{"line":68,"column":65}},"68":{"start":{"line":69,"column":0},"end":{"line":69,"column":12}},"69":{"start":{"line":70,"column":0},"end":{"line":70,"column":69}},"70":{"start":{"line":71,"column":0},"end":{"line":71,"column":24}},"71":{"start":{"line":72,"column":0},"end":{"line":72,"column":49}},"72":{"start":{"line":73,"column":0},"end":{"line":73,"column":57}},"73":{"start":{"line":74,"column":0},"end":{"line":74,"column":43}},"74":{"start":{"line":75,"column":0},"end":{"line":75,"column":18}},"75":{"start":{"line":76,"column":0},"end":{"line":76,"column":86}},"76":{"start":{"line":77,"column":0},"end":{"line":77,"column":33}},"77":{"start":{"line":78,"column":0},"end":{"line":78,"column":19}},"78":{"start":{"line":79,"column":0},"end":{"line":79,"column":14}},"80":{"start":{"line":81,"column":0},"end":{"line":81,"column":58}},"81":{"start":{"line":82,"column":0},"end":{"line":82,"column":16}},"82":{"start":{"line":83,"column":0},"end":{"line":83,"column":23}},"83":{"start":{"line":84,"column":0},"end":{"line":84,"column":60}},"84":{"start":{"line":85,"column":0},"end":{"line":85,"column":34}},"85":{"start":{"line":86,"column":0},"end":{"line":86,"column":58}},"86":{"start":{"line":87,"column":0},"end":{"line":87,"column":31}},"87":{"start":{"line":88,"column":0},"end":{"line":88,"column":46}},"88":{"start":{"line":89,"column":0},"end":{"line":89,"column":14}},"89":{"start":{"line":90,"column":0},"end":{"line":90,"column":32}},"90":{"start":{"line":91,"column":0},"end":{"line":91,"column":44}},"91":{"start":{"line":92,"column":0},"end":{"line":92,"column":12}},"92":{"start":{"line":93,"column":0},"end":{"line":93,"column":17}},"93":{"start":{"line":94,"column":0},"end":{"line":94,"column":28}},"94":{"start":{"line":95,"column":0},"end":{"line":95,"column":23}},"95":{"start":{"line":96,"column":0},"end":{"line":96,"column":58}},"96":{"start":{"line":97,"column":0},"end":{"line":97,"column":31}},"97":{"start":{"line":98,"column":0},"end":{"line":98,"column":53}},"99":{"start":{"line":100,"column":0},"end":{"line":100,"column":26}},"100":{"start":{"line":101,"column":0},"end":{"line":101,"column":63}},"102":{"start":{"line":103,"column":0},"end":{"line":103,"column":48}},"104":{"start":{"line":105,"column":0},"end":{"line":105,"column":19}},"105":{"start":{"line":106,"column":0},"end":{"line":106,"column":14}},"107":{"start":{"line":108,"column":0},"end":{"line":108,"column":10}},"109":{"start":{"line":110,"column":0},"end":{"line":110,"column":1}},"111":{"start":{"line":112,"column":0},"end":{"line":112,"column":100}},"112":{"start":{"line":113,"column":0},"end":{"line":113,"column":33}},"113":{"start":{"line":114,"column":0},"end":{"line":114,"column":64}},"115":{"start":{"line":116,"column":0},"end":{"line":116,"column":50}},"117":{"start":{"line":118,"column":0},"end":{"line":118,"column":31}},"118":{"start":{"line":119,"column":0},"end":{"line":119,"column":33}},"119":{"start":{"line":120,"column":0},"end":{"line":120,"column":15}},"120":{"start":{"line":121,"column":0},"end":{"line":121,"column":37}},"121":{"start":{"line":122,"column":0},"end":{"line":122,"column":38}},"123":{"start":{"line":124,"column":0},"end":{"line":124,"column":10}},"124":{"start":{"line":125,"column":0},"end":{"line":125,"column":100}},"125":{"start":{"line":126,"column":0},"end":{"line":126,"column":56}},"126":{"start":{"line":127,"column":0},"end":{"line":127,"column":65}},"127":{"start":{"line":128,"column":0},"end":{"line":128,"column":10}},"129":{"start":{"line":130,"column":0},"end":{"line":130,"column":1}},"131":{"start":{"line":132,"column":0},"end":{"line":132,"column":31}},"132":{"start":{"line":133,"column":0},"end":{"line":133,"column":33}},"133":{"start":{"line":134,"column":0},"end":{"line":134,"column":59}},"134":{"start":{"line":135,"column":0},"end":{"line":135,"column":72}},"135":{"start":{"line":136,"column":0},"end":{"line":136,"column":58}},"136":{"start":{"line":137,"column":0},"end":{"line":137,"column":60}},"137":{"start":{"line":138,"column":0},"end":{"line":138,"column":68}},"138":{"start":{"line":139,"column":0},"end":{"line":139,"column":64}},"139":{"start":{"line":140,"column":0},"end":{"line":140,"column":66}},"140":{"start":{"line":141,"column":0},"end":{"line":141,"column":54}},"141":{"start":{"line":142,"column":0},"end":{"line":142,"column":60}},"142":{"start":{"line":143,"column":0},"end":{"line":143,"column":48}},"143":{"start":{"line":144,"column":0},"end":{"line":144,"column":66}},"144":{"start":{"line":145,"column":0},"end":{"line":145,"column":74}},"145":{"start":{"line":146,"column":0},"end":{"line":146,"column":60}},"146":{"start":{"line":147,"column":0},"end":{"line":147,"column":54}},"147":{"start":{"line":148,"column":0},"end":{"line":148,"column":64}},"148":{"start":{"line":149,"column":0},"end":{"line":149,"column":72}},"149":{"start":{"line":150,"column":0},"end":{"line":150,"column":68}},"151":{"start":{"line":152,"column":0},"end":{"line":152,"column":19}},"152":{"start":{"line":153,"column":0},"end":{"line":153,"column":37}},"153":{"start":{"line":154,"column":0},"end":{"line":154,"column":33}},"154":{"start":{"line":155,"column":0},"end":{"line":155,"column":5}},"155":{"start":{"line":156,"column":0},"end":{"line":156,"column":48}},"157":{"start":{"line":158,"column":0},"end":{"line":158,"column":44}},"158":{"start":{"line":159,"column":0},"end":{"line":159,"column":42}},"159":{"start":{"line":160,"column":0},"end":{"line":160,"column":25}},"161":{"start":{"line":162,"column":0},"end":{"line":162,"column":33}},"162":{"start":{"line":163,"column":0},"end":{"line":163,"column":9}},"163":{"start":{"line":164,"column":0},"end":{"line":164,"column":43}},"164":{"start":{"line":165,"column":0},"end":{"line":165,"column":50}},"165":{"start":{"line":166,"column":0},"end":{"line":166,"column":25}},"167":{"start":{"line":168,"column":0},"end":{"line":168,"column":18}},"168":{"start":{"line":169,"column":0},"end":{"line":169,"column":63}},"169":{"start":{"line":170,"column":0},"end":{"line":170,"column":61}},"170":{"start":{"line":171,"column":0},"end":{"line":171,"column":62}},"171":{"start":{"line":172,"column":0},"end":{"line":172,"column":82}},"172":{"start":{"line":173,"column":0},"end":{"line":173,"column":14}},"173":{"start":{"line":174,"column":0},"end":{"line":174,"column":61}},"174":{"start":{"line":175,"column":0},"end":{"line":175,"column":7}},"176":{"start":{"line":177,"column":0},"end":{"line":177,"column":60}},"177":{"start":{"line":178,"column":0},"end":{"line":178,"column":41}},"178":{"start":{"line":179,"column":0},"end":{"line":179,"column":17}},"179":{"start":{"line":180,"column":0},"end":{"line":180,"column":59}},"180":{"start":{"line":181,"column":0},"end":{"line":181,"column":15}},"181":{"start":{"line":182,"column":0},"end":{"line":182,"column":36}},"182":{"start":{"line":183,"column":0},"end":{"line":183,"column":5}},"183":{"start":{"line":184,"column":0},"end":{"line":184,"column":4}},"185":{"start":{"line":186,"column":0},"end":{"line":186,"column":39}},"186":{"start":{"line":187,"column":0},"end":{"line":187,"column":29}},"187":{"start":{"line":188,"column":0},"end":{"line":188,"column":22}},"188":{"start":{"line":189,"column":0},"end":{"line":189,"column":26}},"189":{"start":{"line":190,"column":0},"end":{"line":190,"column":4}},"191":{"start":{"line":192,"column":0},"end":{"line":192,"column":34}},"192":{"start":{"line":193,"column":0},"end":{"line":193,"column":42}},"193":{"start":{"line":194,"column":0},"end":{"line":194,"column":51}},"194":{"start":{"line":195,"column":0},"end":{"line":195,"column":51}},"196":{"start":{"line":197,"column":0},"end":{"line":197,"column":10}},"197":{"start":{"line":198,"column":0},"end":{"line":198,"column":42}},"198":{"start":{"line":199,"column":0},"end":{"line":199,"column":74}},"200":{"start":{"line":201,"column":0},"end":{"line":201,"column":76}},"201":{"start":{"line":202,"column":0},"end":{"line":202,"column":58}},"202":{"start":{"line":203,"column":0},"end":{"line":203,"column":41}},"203":{"start":{"line":204,"column":0},"end":{"line":204,"column":16}},"204":{"start":{"line":205,"column":0},"end":{"line":205,"column":75}},"205":{"start":{"line":206,"column":0},"end":{"line":206,"column":87}},"206":{"start":{"line":207,"column":0},"end":{"line":207,"column":12}},"208":{"start":{"line":209,"column":0},"end":{"line":209,"column":76}},"209":{"start":{"line":210,"column":0},"end":{"line":210,"column":49}},"210":{"start":{"line":211,"column":0},"end":{"line":211,"column":48}},"211":{"start":{"line":212,"column":0},"end":{"line":212,"column":62}},"212":{"start":{"line":213,"column":0},"end":{"line":213,"column":26}},"213":{"start":{"line":214,"column":0},"end":{"line":214,"column":41}},"214":{"start":{"line":215,"column":0},"end":{"line":215,"column":43}},"215":{"start":{"line":216,"column":0},"end":{"line":216,"column":43}},"216":{"start":{"line":217,"column":0},"end":{"line":217,"column":44}},"217":{"start":{"line":218,"column":0},"end":{"line":218,"column":41}},"218":{"start":{"line":219,"column":0},"end":{"line":219,"column":43}},"219":{"start":{"line":220,"column":0},"end":{"line":220,"column":12}},"221":{"start":{"line":222,"column":0},"end":{"line":222,"column":29}},"222":{"start":{"line":223,"column":0},"end":{"line":223,"column":14}},"223":{"start":{"line":224,"column":0},"end":{"line":224,"column":66}},"224":{"start":{"line":225,"column":0},"end":{"line":225,"column":55}},"225":{"start":{"line":226,"column":0},"end":{"line":226,"column":89}},"226":{"start":{"line":227,"column":0},"end":{"line":227,"column":73}},"227":{"start":{"line":228,"column":0},"end":{"line":228,"column":25}},"228":{"start":{"line":229,"column":0},"end":{"line":229,"column":35}},"229":{"start":{"line":230,"column":0},"end":{"line":230,"column":67}},"230":{"start":{"line":231,"column":0},"end":{"line":231,"column":95}},"231":{"start":{"line":232,"column":0},"end":{"line":232,"column":48}},"232":{"start":{"line":233,"column":0},"end":{"line":233,"column":28}},"233":{"start":{"line":234,"column":0},"end":{"line":234,"column":60}},"234":{"start":{"line":235,"column":0},"end":{"line":235,"column":84}},"235":{"start":{"line":236,"column":0},"end":{"line":236,"column":27}},"236":{"start":{"line":237,"column":0},"end":{"line":237,"column":24}},"238":{"start":{"line":239,"column":0},"end":{"line":239,"column":20}},"239":{"start":{"line":240,"column":0},"end":{"line":240,"column":15}},"241":{"start":{"line":242,"column":0},"end":{"line":242,"column":14}},"243":{"start":{"line":244,"column":0},"end":{"line":244,"column":19}},"244":{"start":{"line":245,"column":0},"end":{"line":245,"column":125}},"245":{"start":{"line":246,"column":0},"end":{"line":246,"column":22}},"246":{"start":{"line":247,"column":0},"end":{"line":247,"column":16}},"248":{"start":{"line":249,"column":0},"end":{"line":249,"column":12}},"250":{"start":{"line":251,"column":0},"end":{"line":251,"column":73}},"252":{"start":{"line":253,"column":0},"end":{"line":253,"column":25}},"253":{"start":{"line":254,"column":0},"end":{"line":254,"column":67}},"254":{"start":{"line":255,"column":0},"end":{"line":255,"column":61}},"255":{"start":{"line":256,"column":0},"end":{"line":256,"column":30}},"256":{"start":{"line":257,"column":0},"end":{"line":257,"column":90}},"257":{"start":{"line":258,"column":0},"end":{"line":258,"column":16}},"258":{"start":{"line":259,"column":0},"end":{"line":259,"column":68}},"259":{"start":{"line":260,"column":0},"end":{"line":260,"column":86}},"260":{"start":{"line":261,"column":0},"end":{"line":261,"column":40}},"261":{"start":{"line":262,"column":0},"end":{"line":262,"column":24}},"262":{"start":{"line":263,"column":0},"end":{"line":263,"column":23}},"263":{"start":{"line":264,"column":0},"end":{"line":264,"column":37}},"264":{"start":{"line":265,"column":0},"end":{"line":265,"column":25}},"265":{"start":{"line":266,"column":0},"end":{"line":266,"column":25}},"266":{"start":{"line":267,"column":0},"end":{"line":267,"column":29}},"267":{"start":{"line":268,"column":0},"end":{"line":268,"column":40}},"268":{"start":{"line":269,"column":0},"end":{"line":269,"column":77}},"269":{"start":{"line":270,"column":0},"end":{"line":270,"column":34}},"270":{"start":{"line":271,"column":0},"end":{"line":271,"column":18}},"271":{"start":{"line":272,"column":0},"end":{"line":272,"column":69}},"272":{"start":{"line":273,"column":0},"end":{"line":273,"column":53}},"273":{"start":{"line":274,"column":0},"end":{"line":274,"column":23}},"274":{"start":{"line":275,"column":0},"end":{"line":275,"column":17}},"276":{"start":{"line":277,"column":0},"end":{"line":277,"column":16}},"277":{"start":{"line":278,"column":0},"end":{"line":278,"column":14}},"280":{"start":{"line":281,"column":0},"end":{"line":281,"column":38}},"281":{"start":{"line":282,"column":0},"end":{"line":282,"column":39}},"282":{"start":{"line":283,"column":0},"end":{"line":283,"column":27}},"284":{"start":{"line":285,"column":0},"end":{"line":285,"column":104}},"285":{"start":{"line":286,"column":0},"end":{"line":286,"column":57}},"286":{"start":{"line":287,"column":0},"end":{"line":287,"column":60}},"287":{"start":{"line":288,"column":0},"end":{"line":288,"column":18}},"288":{"start":{"line":289,"column":0},"end":{"line":289,"column":62}},"289":{"start":{"line":290,"column":0},"end":{"line":290,"column":96}},"290":{"start":{"line":291,"column":0},"end":{"line":291,"column":88}},"291":{"start":{"line":292,"column":0},"end":{"line":292,"column":18}},"292":{"start":{"line":293,"column":0},"end":{"line":293,"column":16}},"294":{"start":{"line":295,"column":0},"end":{"line":295,"column":12}},"296":{"start":{"line":297,"column":0},"end":{"line":297,"column":37}},"297":{"start":{"line":298,"column":0},"end":{"line":298,"column":67}},"298":{"start":{"line":299,"column":0},"end":{"line":299,"column":45}},"299":{"start":{"line":300,"column":0},"end":{"line":300,"column":57}},"300":{"start":{"line":301,"column":0},"end":{"line":301,"column":88}},"301":{"start":{"line":302,"column":0},"end":{"line":302,"column":16}},"302":{"start":{"line":303,"column":0},"end":{"line":303,"column":17}},"303":{"start":{"line":304,"column":0},"end":{"line":304,"column":14}},"305":{"start":{"line":306,"column":0},"end":{"line":306,"column":10}},"307":{"start":{"line":308,"column":0},"end":{"line":308,"column":1}}},"s":{"0":1,"2":1,"3":1,"5":1,"6":1,"7":1,"8":1,"9":1,"10":1,"11":1,"12":1,"13":1,"14":1,"15":1,"16":1,"18":1,"19":1,"21":11,"22":11,"23":11,"24":11,"25":11,"26":11,"27":11,"28":11,"29":11,"31":11,"32":11,"33":11,"34":11,"35":7,"36":7,"37":7,"39":11,"41":11,"43":11,"44":11,"45":11,"46":11,"47":11,"48":11,"49":11,"50":11,"57":11,"58":11,"59":11,"60":11,"61":11,"62":11,"63":11,"64":11,"65":11,"67":11,"68":11,"69":11,"70":11,"71":4,"72":4,"73":4,"74":4,"75":4,"76":4,"77":4,"78":4,"80":7,"81":7,"82":7,"83":7,"84":7,"85":7,"86":7,"87":0,"88":0,"89":7,"90":7,"91":7,"92":7,"93":7,"94":7,"95":7,"96":7,"97":7,"99":7,"100":0,"102":7,"104":7,"105":7,"107":11,"109":11,"111":11,"112":11,"113":11,"115":11,"117":10,"118":3,"119":7,"120":3,"121":4,"123":11,"124":11,"125":11,"126":11,"127":11,"129":11,"131":1,"132":11,"133":11,"134":11,"135":11,"136":11,"137":11,"138":11,"139":11,"140":11,"141":11,"142":11,"143":11,"144":11,"145":11,"146":11,"147":11,"148":11,"149":11,"151":11,"152":11,"153":1,"154":1,"155":11,"157":11,"158":0,"159":0,"161":0,"162":0,"163":0,"164":0,"165":0,"167":0,"168":0,"169":0,"170":0,"171":0,"172":0,"173":0,"174":0,"176":0,"177":0,"178":0,"179":0,"180":0,"181":0,"182":0,"183":0,"185":11,"186":0,"187":0,"188":0,"189":0,"191":11,"192":11,"193":11,"194":11,"196":11,"197":11,"198":11,"200":11,"201":11,"202":11,"203":11,"204":11,"205":11,"206":11,"208":11,"209":11,"210":11,"211":11,"212":11,"213":11,"214":11,"215":11,"216":11,"217":11,"218":11,"219":11,"221":11,"222":4,"223":4,"224":4,"225":4,"226":4,"227":4,"228":4,"229":1,"230":1,"231":1,"232":1,"233":1,"234":1,"235":1,"236":1,"238":4,"239":4,"241":11,"243":11,"244":1,"245":1,"246":1,"248":11,"250":11,"252":11,"253":4,"254":4,"255":4,"256":4,"257":4,"258":4,"259":4,"260":4,"261":4,"262":4,"263":4,"264":4,"265":4,"266":4,"267":4,"268":4,"269":4,"270":4,"271":4,"272":4,"273":4,"274":4,"276":4,"277":4,"280":11,"281":11,"282":7,"284":4,"285":4,"286":4,"287":4,"288":4,"289":4,"290":4,"291":4,"292":4,"294":11,"296":11,"297":1,"298":1,"299":1,"300":1,"301":1,"302":1,"303":1,"305":11,"307":11},"branchMap":{"0":{"type":"branch","line":22,"loc":{"start":{"line":22,"column":0},"end":{"line":42,"column":1}},"locations":[{"start":{"line":22,"column":0},"end":{"line":42,"column":1}}]},"1":{"type":"branch","line":29,"loc":{"start":{"line":29,"column":10},"end":{"line":29,"column":53}},"locations":[{"start":{"line":29,"column":10},"end":{"line":29,"column":53}}]},"2":{"type":"branch","line":29,"loc":{"start":{"line":29,"column":22},"end":{"line":29,"column":86}},"locations":[{"start":{"line":29,"column":22},"end":{"line":29,"column":86}}]},"3":{"type":"branch","line":32,"loc":{"start":{"line":32,"column":9},"end":{"line":32,"column":57}},"locations":[{"start":{"line":32,"column":9},"end":{"line":32,"column":57}}]},"4":{"type":"branch","line":32,"loc":{"start":{"line":32,"column":52},"end":{"line":32,"column":61}},"locations":[{"start":{"line":32,"column":52},"end":{"line":32,"column":61}}]},"5":{"type":"branch","line":35,"loc":{"start":{"line":35,"column":7},"end":{"line":38,"column":16}},"locations":[{"start":{"line":35,"column":7},"end":{"line":38,"column":16}}]},"6":{"type":"branch","line":44,"loc":{"start":{"line":44,"column":0},"end":{"line":110,"column":1}},"locations":[{"start":{"line":44,"column":0},"end":{"line":110,"column":1}}]},"7":{"type":"branch","line":65,"loc":{"start":{"line":65,"column":10},"end":{"line":65,"column":57}},"locations":[{"start":{"line":65,"column":10},"end":{"line":65,"column":57}}]},"8":{"type":"branch","line":65,"loc":{"start":{"line":65,"column":26},"end":{"line":65,"column":86}},"locations":[{"start":{"line":65,"column":26},"end":{"line":65,"column":86}}]},"9":{"type":"branch","line":68,"loc":{"start":{"line":68,"column":9},"end":{"line":68,"column":61}},"locations":[{"start":{"line":68,"column":9},"end":{"line":68,"column":61}}]},"10":{"type":"branch","line":68,"loc":{"start":{"line":68,"column":56},"end":{"line":68,"column":65}},"locations":[{"start":{"line":68,"column":56},"end":{"line":68,"column":65}}]},"11":{"type":"branch","line":71,"loc":{"start":{"line":71,"column":7},"end":{"line":79,"column":14}},"locations":[{"start":{"line":71,"column":7},"end":{"line":79,"column":14}}]},"12":{"type":"branch","line":79,"loc":{"start":{"line":79,"column":8},"end":{"line":106,"column":14}},"locations":[{"start":{"line":79,"column":8},"end":{"line":106,"column":14}}]},"13":{"type":"branch","line":96,"loc":{"start":{"line":96,"column":43},"end":{"line":96,"column":58}},"locations":[{"start":{"line":96,"column":43},"end":{"line":96,"column":58}}]},"14":{"type":"branch","line":100,"loc":{"start":{"line":100,"column":13},"end":{"line":101,"column":63}},"locations":[{"start":{"line":100,"column":13},"end":{"line":101,"column":63}}]},"15":{"type":"branch","line":112,"loc":{"start":{"line":112,"column":0},"end":{"line":130,"column":1}},"locations":[{"start":{"line":112,"column":0},"end":{"line":130,"column":1}}]},"16":{"type":"branch","line":116,"loc":{"start":{"line":116,"column":6},"end":{"line":116,"column":38}},"locations":[{"start":{"line":116,"column":6},"end":{"line":116,"column":38}}]},"17":{"type":"branch","line":116,"loc":{"start":{"line":116,"column":38},"end":{"line":116,"column":50}},"locations":[{"start":{"line":116,"column":38},"end":{"line":116,"column":50}}]},"18":{"type":"branch","line":116,"loc":{"start":{"line":116,"column":45},"end":{"line":118,"column":31}},"locations":[{"start":{"line":116,"column":45},"end":{"line":118,"column":31}}]},"19":{"type":"branch","line":118,"loc":{"start":{"line":118,"column":18},"end":{"line":119,"column":33}},"locations":[{"start":{"line":118,"column":18},"end":{"line":119,"column":33}}]},"20":{"type":"branch","line":119,"loc":{"start":{"line":119,"column":32},"end":{"line":122,"column":38}},"locations":[{"start":{"line":119,"column":32},"end":{"line":122,"column":38}}]},"21":{"type":"branch","line":120,"loc":{"start":{"line":120,"column":6},"end":{"line":121,"column":37}},"locations":[{"start":{"line":120,"column":6},"end":{"line":121,"column":37}}]},"22":{"type":"branch","line":121,"loc":{"start":{"line":121,"column":36},"end":{"line":122,"column":38}},"locations":[{"start":{"line":121,"column":36},"end":{"line":122,"column":38}}]},"23":{"type":"branch","line":114,"loc":{"start":{"line":114,"column":40},"end":{"line":114,"column":62}},"locations":[{"start":{"line":114,"column":40},"end":{"line":114,"column":62}}]},"24":{"type":"branch","line":132,"loc":{"start":{"line":132,"column":7},"end":{"line":308,"column":1}},"locations":[{"start":{"line":132,"column":7},"end":{"line":308,"column":1}}]},"25":{"type":"branch","line":194,"loc":{"start":{"line":194,"column":24},"end":{"line":194,"column":51}},"locations":[{"start":{"line":194,"column":24},"end":{"line":194,"column":51}}]},"26":{"type":"branch","line":195,"loc":{"start":{"line":195,"column":21},"end":{"line":195,"column":51}},"locations":[{"start":{"line":195,"column":21},"end":{"line":195,"column":51}}]},"27":{"type":"branch","line":199,"loc":{"start":{"line":199,"column":7},"end":{"line":199,"column":74}},"locations":[{"start":{"line":199,"column":7},"end":{"line":199,"column":74}}]},"28":{"type":"branch","line":222,"loc":{"start":{"line":222,"column":11},"end":{"line":240,"column":15}},"locations":[{"start":{"line":222,"column":11},"end":{"line":240,"column":15}}]},"29":{"type":"branch","line":227,"loc":{"start":{"line":227,"column":19},"end":{"line":227,"column":56}},"locations":[{"start":{"line":227,"column":19},"end":{"line":227,"column":56}}]},"30":{"type":"branch","line":227,"loc":{"start":{"line":227,"column":52},"end":{"line":227,"column":73}},"locations":[{"start":{"line":227,"column":52},"end":{"line":227,"column":73}}]},"31":{"type":"branch","line":229,"loc":{"start":{"line":229,"column":17},"end":{"line":237,"column":24}},"locations":[{"start":{"line":229,"column":17},"end":{"line":237,"column":24}}]},"32":{"type":"branch","line":231,"loc":{"start":{"line":231,"column":68},"end":{"line":231,"column":95}},"locations":[{"start":{"line":231,"column":68},"end":{"line":231,"column":95}}]},"33":{"type":"branch","line":244,"loc":{"start":{"line":244,"column":9},"end":{"line":247,"column":16}},"locations":[{"start":{"line":244,"column":9},"end":{"line":247,"column":16}}]},"34":{"type":"branch","line":253,"loc":{"start":{"line":253,"column":7},"end":{"line":278,"column":14}},"locations":[{"start":{"line":253,"column":7},"end":{"line":278,"column":14}}]},"35":{"type":"branch","line":257,"loc":{"start":{"line":257,"column":27},"end":{"line":257,"column":90}},"locations":[{"start":{"line":257,"column":27},"end":{"line":257,"column":90}}]},"36":{"type":"branch","line":282,"loc":{"start":{"line":282,"column":9},"end":{"line":282,"column":39}},"locations":[{"start":{"line":282,"column":9},"end":{"line":282,"column":39}}]},"37":{"type":"branch","line":282,"loc":{"start":{"line":282,"column":22},"end":{"line":283,"column":27}},"locations":[{"start":{"line":282,"column":22},"end":{"line":283,"column":27}}]},"38":{"type":"branch","line":283,"loc":{"start":{"line":283,"column":25},"end":{"line":293,"column":16}},"locations":[{"start":{"line":283,"column":25},"end":{"line":293,"column":16}}]},"39":{"type":"branch","line":297,"loc":{"start":{"line":297,"column":7},"end":{"line":297,"column":37}},"locations":[{"start":{"line":297,"column":7},"end":{"line":297,"column":37}}]},"40":{"type":"branch","line":297,"loc":{"start":{"line":297,"column":22},"end":{"line":304,"column":14}},"locations":[{"start":{"line":297,"column":22},"end":{"line":304,"column":14}}]},"41":{"type":"branch","line":136,"loc":{"start":{"line":136,"column":37},"end":{"line":136,"column":56}},"locations":[{"start":{"line":136,"column":37},"end":{"line":136,"column":56}}]},"42":{"type":"branch","line":137,"loc":{"start":{"line":137,"column":38},"end":{"line":137,"column":58}},"locations":[{"start":{"line":137,"column":38},"end":{"line":137,"column":58}}]},"43":{"type":"branch","line":138,"loc":{"start":{"line":138,"column":42},"end":{"line":138,"column":66}},"locations":[{"start":{"line":138,"column":42},"end":{"line":138,"column":66}}]},"44":{"type":"branch","line":139,"loc":{"start":{"line":139,"column":40},"end":{"line":139,"column":62}},"locations":[{"start":{"line":139,"column":40},"end":{"line":139,"column":62}}]},"45":{"type":"branch","line":140,"loc":{"start":{"line":140,"column":41},"end":{"line":140,"column":64}},"locations":[{"start":{"line":140,"column":41},"end":{"line":140,"column":64}}]},"46":{"type":"branch","line":141,"loc":{"start":{"line":141,"column":35},"end":{"line":141,"column":52}},"locations":[{"start":{"line":141,"column":35},"end":{"line":141,"column":52}}]},"47":{"type":"branch","line":142,"loc":{"start":{"line":142,"column":38},"end":{"line":142,"column":58}},"locations":[{"start":{"line":142,"column":38},"end":{"line":142,"column":58}}]},"48":{"type":"branch","line":143,"loc":{"start":{"line":143,"column":32},"end":{"line":143,"column":46}},"locations":[{"start":{"line":143,"column":32},"end":{"line":143,"column":46}}]},"49":{"type":"branch","line":144,"loc":{"start":{"line":144,"column":41},"end":{"line":144,"column":64}},"locations":[{"start":{"line":144,"column":41},"end":{"line":144,"column":64}}]},"50":{"type":"branch","line":145,"loc":{"start":{"line":145,"column":45},"end":{"line":145,"column":72}},"locations":[{"start":{"line":145,"column":45},"end":{"line":145,"column":72}}]},"51":{"type":"branch","line":146,"loc":{"start":{"line":146,"column":38},"end":{"line":146,"column":58}},"locations":[{"start":{"line":146,"column":38},"end":{"line":146,"column":58}}]},"52":{"type":"branch","line":147,"loc":{"start":{"line":147,"column":35},"end":{"line":147,"column":52}},"locations":[{"start":{"line":147,"column":35},"end":{"line":147,"column":52}}]},"53":{"type":"branch","line":148,"loc":{"start":{"line":148,"column":40},"end":{"line":148,"column":62}},"locations":[{"start":{"line":148,"column":40},"end":{"line":148,"column":62}}]},"54":{"type":"branch","line":149,"loc":{"start":{"line":149,"column":44},"end":{"line":149,"column":70}},"locations":[{"start":{"line":149,"column":44},"end":{"line":149,"column":70}}]},"55":{"type":"branch","line":150,"loc":{"start":{"line":150,"column":42},"end":{"line":150,"column":66}},"locations":[{"start":{"line":150,"column":42},"end":{"line":150,"column":66}}]},"56":{"type":"branch","line":152,"loc":{"start":{"line":152,"column":12},"end":{"line":156,"column":5}},"locations":[{"start":{"line":152,"column":12},"end":{"line":156,"column":5}}]},"57":{"type":"branch","line":153,"loc":{"start":{"line":153,"column":8},"end":{"line":153,"column":36}},"locations":[{"start":{"line":153,"column":8},"end":{"line":153,"column":36}}]},"58":{"type":"branch","line":153,"loc":{"start":{"line":153,"column":36},"end":{"line":155,"column":5}},"locations":[{"start":{"line":153,"column":36},"end":{"line":155,"column":5}}]}},"b":{"0":[11],"1":[7],"2":[4],"3":[7],"4":[4],"5":[7],"6":[11],"7":[4],"8":[7],"9":[4],"10":[7],"11":[4],"12":[7],"13":[0],"14":[0],"15":[11],"16":[4],"17":[1],"18":[10],"19":[3],"20":[7],"21":[3],"22":[4],"23":[34],"24":[11],"25":[7],"26":[4],"27":[1],"28":[4],"29":[1],"30":[3],"31":[1],"32":[0],"33":[1],"34":[4],"35":[0],"36":[4],"37":[7],"38":[4],"39":[1],"40":[1],"41":[33],"42":[34],"43":[34],"44":[34],"45":[34],"46":[34],"47":[34],"48":[34],"49":[34],"50":[34],"51":[34],"52":[34],"53":[34],"54":[34],"55":[34],"56":[11],"57":[2],"58":[1]},"fnMap":{"0":{"name":"DesignStatus","decl":{"start":{"line":22,"column":0},"end":{"line":42,"column":1}},"loc":{"start":{"line":22,"column":0},"end":{"line":42,"column":1}},"line":22},"1":{"name":"ScreenshotInput","decl":{"start":{"line":44,"column":0},"end":{"line":110,"column":1}},"loc":{"start":{"line":44,"column":0},"end":{"line":110,"column":1}},"line":44},"2":{"name":"onChange","decl":{"start":{"line":86,"column":22},"end":{"line":86,"column":58}},"loc":{"start":{"line":86,"column":22},"end":{"line":86,"column":58}},"line":86},"3":{"name":"onKeyDown","decl":{"start":{"line":87,"column":23},"end":{"line":89,"column":14}},"loc":{"start":{"line":87,"column":23},"end":{"line":89,"column":14}},"line":87},"4":{"name":"GuidanceBar","decl":{"start":{"line":112,"column":0},"end":{"line":130,"column":1}},"loc":{"start":{"line":112,"column":0},"end":{"line":130,"column":1}},"line":112},"5":{"name":"ComparePage","decl":{"start":{"line":132,"column":7},"end":{"line":308,"column":1}},"loc":{"start":{"line":132,"column":7},"end":{"line":308,"column":1}},"line":132},"6":{"name":"handleLoadScreenshot","decl":{"start":{"line":158,"column":31},"end":{"line":184,"column":4}},"loc":{"start":{"line":158,"column":31},"end":{"line":184,"column":4}},"line":158},"7":{"name":"handleClearScreenshot","decl":{"start":{"line":186,"column":32},"end":{"line":190,"column":4}},"loc":{"start":{"line":186,"column":32},"end":{"line":190,"column":4}},"line":186},"8":{"name":"onChange","decl":{"start":{"line":269,"column":28},"end":{"line":269,"column":77}},"loc":{"start":{"line":269,"column":28},"end":{"line":269,"column":77}},"line":269}},"f":{"0":11,"1":11,"2":0,"3":0,"4":11,"5":11,"6":0,"7":0,"8":0}}
,"/home/user/designdiff/app/desktop/src/component/compare/crop-region-selector.tsx": {"path":"/home/user/designdiff/app/desktop/src/component/compare/crop-region-selector.tsx","all":false,"statementMap":{"0":{"start":{"line":1,"column":0},"end":{"line":1,"column":52}},"2":{"start":{"line":3,"column":0},"end":{"line":3,"column":47}},"6":{"start":{"line":7,"column":0},"end":{"line":7,"column":47}},"7":{"start":{"line":8,"column":0},"end":{"line":8,"column":56}},"9":{"start":{"line":10,"column":0},"end":{"line":10,"column":38}},"10":{"start":{"line":11,"column":0},"end":{"line":11,"column":52}},"11":{"start":{"line":12,"column":0},"end":{"line":12,"column":56}},"12":{"start":{"line":13,"column":0},"end":{"line":13,"column":59}},"13":{"start":{"line":14,"column":0},"end":{"line":14,"column":63}},"15":{"start":{"line":16,"column":0},"end":{"line":16,"column":33}},"16":{"start":{"line":17,"column":0},"end":{"line":17,"column":88}},"18":{"start":{"line":19,"column":0},"end":{"line":19,"column":55}},"20":{"start":{"line":21,"column":0},"end":{"line":21,"column":19}},"21":{"start":{"line":22,"column":0},"end":{"line":22,"column":53}},"22":{"start":{"line":23,"column":0},"end":{"line":23,"column":15}},"23":{"start":{"line":24,"column":0},"end":{"line":24,"column":28}},"24":{"start":{"line":25,"column":0},"end":{"line":25,"column":13}},"25":{"start":{"line":26,"column":0},"end":{"line":26,"column":5}},"26":{"start":{"line":27,"column":0},"end":{"line":27,"column":28}},"27":{"start":{"line":28,"column":0},"end":{"line":28,"column":24}},"28":{"start":{"line":29,"column":0},"end":{"line":29,"column":27}},"29":{"start":{"line":30,"column":0},"end":{"line":30,"column":6}},"30":{"start":{"line":31,"column":0},"end":{"line":31,"column":18}},"31":{"start":{"line":32,"column":0},"end":{"line":32,"column":37}},"33":{"start":{"line":34,"column":0},"end":{"line":34,"column":71}},"34":{"start":{"line":35,"column":0},"end":{"line":35,"column":60}},"35":{"start":{"line":36,"column":0},"end":{"line":36,"column":22}},"37":{"start":{"line":38,"column":0},"end":{"line":38,"column":36}},"38":{"start":{"line":39,"column":0},"end":{"line":39,"column":35}},"40":{"start":{"line":41,"column":0},"end":{"line":41,"column":26}},"41":{"start":{"line":42,"column":0},"end":{"line":42,"column":28}},"42":{"start":{"line":43,"column":0},"end":{"line":43,"column":25}},"43":{"start":{"line":44,"column":0},"end":{"line":44,"column":4}},"45":{"start":{"line":46,"column":0},"end":{"line":46,"column":71}},"46":{"start":{"line":47,"column":0},"end":{"line":47,"column":29}},"48":{"start":{"line":49,"column":0},"end":{"line":49,"column":60}},"49":{"start":{"line":50,"column":0},"end":{"line":50,"column":22}},"51":{"start":{"line":52,"column":0},"end":{"line":52,"column":36}},"52":{"start":{"line":53,"column":0},"end":{"line":53,"column":35}},"54":{"start":{"line":55,"column":0},"end":{"line":55,"column":28}},"55":{"start":{"line":56,"column":0},"end":{"line":56,"column":4}},"57":{"start":{"line":58,"column":0},"end":{"line":58,"column":31}},"58":{"start":{"line":59,"column":0},"end":{"line":59,"column":29}},"60":{"start":{"line":61,"column":0},"end":{"line":61,"column":49}},"61":{"start":{"line":62,"column":0},"end":{"line":62,"column":49}},"62":{"start":{"line":63,"column":0},"end":{"line":63,"column":54}},"63":{"start":{"line":64,"column":0},"end":{"line":64,"column":55}},"65":{"start":{"line":66,"column":0},"end":{"line":66,"column":36}},"66":{"start":{"line":67,"column":0},"end":{"line":67,"column":34}},"67":{"start":{"line":68,"column":0},"end":{"line":68,"column":25}},"68":{"start":{"line":69,"column":0},"end":{"line":69,"column":25}},"69":{"start":{"line":70,"column":0},"end":{"line":70,"column":33}},"70":{"start":{"line":71,"column":0},"end":{"line":71,"column":35}},"71":{"start":{"line":72,"column":0},"end":{"line":72,"column":8}},"72":{"start":{"line":73,"column":0},"end":{"line":73,"column":28}},"73":{"start":{"line":74,"column":0},"end":{"line":74,"column":5}},"75":{"start":{"line":76,"column":0},"end":{"line":76,"column":26}},"76":{"start":{"line":77,"column":0},"end":{"line":77,"column":4}},"79":{"start":{"line":80,"column":0},"end":{"line":80,"column":19}},"80":{"start":{"line":81,"column":0},"end":{"line":81,"column":29}},"81":{"start":{"line":82,"column":0},"end":{"line":82,"column":37}},"82":{"start":{"line":83,"column":0},"end":{"line":83,"column":31}},"83":{"start":{"line":84,"column":0},"end":{"line":84,"column":32}},"85":{"start":{"line":86,"column":0},"end":{"line":86,"column":40}},"86":{"start":{"line":87,"column":0},"end":{"line":87,"column":21}},"88":{"start":{"line":89,"column":0},"end":{"line":89,"column":29}},"89":{"start":{"line":90,"column":0},"end":{"line":90,"column":31}},"90":{"start":{"line":91,"column":0},"end":{"line":91,"column":53}},"91":{"start":{"line":92,"column":0},"end":{"line":92,"column":29}},"93":{"start":{"line":94,"column":0},"end":{"line":94,"column":49}},"94":{"start":{"line":95,"column":0},"end":{"line":95,"column":49}},"95":{"start":{"line":96,"column":0},"end":{"line":96,"column":54}},"96":{"start":{"line":97,"column":0},"end":{"line":97,"column":55}},"98":{"start":{"line":99,"column":0},"end":{"line":99,"column":32}},"99":{"start":{"line":100,"column":0},"end":{"line":100,"column":22}},"100":{"start":{"line":101,"column":0},"end":{"line":101,"column":28}},"101":{"start":{"line":102,"column":0},"end":{"line":102,"column":40}},"103":{"start":{"line":104,"column":0},"end":{"line":104,"column":46}},"104":{"start":{"line":105,"column":0},"end":{"line":105,"column":38}},"105":{"start":{"line":106,"column":0},"end":{"line":106,"column":42}},"107":{"start":{"line":108,"column":0},"end":{"line":108,"column":35}},"108":{"start":{"line":109,"column":0},"end":{"line":109,"column":24}},"109":{"start":{"line":110,"column":0},"end":{"line":110,"column":4}},"111":{"start":{"line":112,"column":0},"end":{"line":112,"column":10}},"112":{"start":{"line":113,"column":0},"end":{"line":113,"column":31}},"113":{"start":{"line":114,"column":0},"end":{"line":114,"column":34}},"114":{"start":{"line":115,"column":0},"end":{"line":115,"column":72}},"115":{"start":{"line":116,"column":0},"end":{"line":116,"column":70}},"116":{"start":{"line":117,"column":0},"end":{"line":117,"column":17}},"117":{"start":{"line":118,"column":0},"end":{"line":118,"column":24}},"118":{"start":{"line":119,"column":0},"end":{"line":119,"column":12}},"119":{"start":{"line":120,"column":0},"end":{"line":120,"column":60}},"120":{"start":{"line":121,"column":0},"end":{"line":121,"column":97}},"121":{"start":{"line":122,"column":0},"end":{"line":122,"column":19}},"122":{"start":{"line":123,"column":0},"end":{"line":123,"column":74}},"123":{"start":{"line":124,"column":0},"end":{"line":124,"column":31}},"124":{"start":{"line":125,"column":0},"end":{"line":125,"column":21}},"125":{"start":{"line":126,"column":0},"end":{"line":126,"column":13}},"127":{"start":{"line":128,"column":0},"end":{"line":128,"column":12}},"129":{"start":{"line":130,"column":0},"end":{"line":130,"column":32}},"130":{"start":{"line":131,"column":0},"end":{"line":131,"column":15}},"131":{"start":{"line":132,"column":0},"end":{"line":132,"column":25}},"132":{"start":{"line":133,"column":0},"end":{"line":133,"column":39}},"133":{"start":{"line":134,"column":0},"end":{"line":134,"column":39}},"134":{"start":{"line":135,"column":0},"end":{"line":135,"column":35}},"135":{"start":{"line":136,"column":0},"end":{"line":136,"column":38}},"136":{"start":{"line":137,"column":0},"end":{"line":137,"column":54}},"137":{"start":{"line":138,"column":0},"end":{"line":138,"column":20}},"138":{"start":{"line":139,"column":0},"end":{"line":139,"column":44}},"139":{"start":{"line":140,"column":0},"end":{"line":140,"column":10}},"140":{"start":{"line":141,"column":0},"end":{"line":141,"column":12}},"141":{"start":{"line":142,"column":0},"end":{"line":142,"column":10}},"143":{"start":{"line":144,"column":0},"end":{"line":144,"column":1}}},"s":{"0":1,"2":1,"6":1,"7":1,"9":1,"10":4,"11":4,"12":4,"13":4,"15":4,"16":4,"18":4,"20":4,"21":4,"22":4,"23":4,"24":4,"25":4,"26":0,"27":0,"28":0,"29":0,"30":0,"31":4,"33":4,"34":0,"35":0,"37":0,"38":0,"40":0,"41":0,"42":0,"43":0,"45":4,"46":0,"48":0,"49":0,"51":0,"52":0,"54":0,"55":0,"57":4,"58":0,"60":0,"61":0,"62":0,"63":0,"65":0,"66":0,"67":0,"68":0,"69":0,"70":0,"71":0,"72":0,"73":0,"75":0,"76":0,"79":4,"80":4,"81":0,"82":0,"83":4,"85":0,"86":0,"88":0,"89":0,"90":0,"91":0,"93":0,"94":0,"95":0,"96":0,"98":0,"99":0,"100":0,"101":0,"103":0,"104":0,"105":4,"107":4,"108":0,"109":0,"111":4,"112":4,"113":4,"114":4,"115":4,"116":4,"117":4,"118":1,"119":1,"120":1,"121":1,"122":1,"123":1,"124":1,"125":1,"127":4,"129":4,"130":4,"131":4,"132":4,"133":4,"134":4,"135":4,"136":4,"137":4,"138":4,"139":4,"140":4,"141":4,"143":4},"branchMap":{"0":{"type":"branch","line":10,"loc":{"start":{"line":10,"column":7},"end":{"line":144,"column":1}},"locations":[{"start":{"line":10,"column":7},"end":{"line":144,"column":1}}]},"1":{"type":"branch","line":115,"loc":{"start":{"line":115,"column":35},"end":{"line":115,"column":61}},"locations":[{"start":{"line":115,"column":35},"end":{"line":115,"column":61}}]},"2":{"type":"branch","line":116,"loc":{"start":{"line":116,"column":11},"end":{"line":116,"column":47}},"locations":[{"start":{"line":116,"column":11},"end":{"line":116,"column":47}}]},"3":{"type":"branch","line":118,"loc":{"start":{"line":118,"column":9},"end":{"line":126,"column":13}},"locations":[{"start":{"line":118,"column":9},"end":{"line":126,"column":13}}]},"4":{"type":"branch","line":21,"loc":{"start":{"line":21,"column":12},"end":{"line":32,"column":5}},"locations":[{"start":{"line":21,"column":12},"end":{"line":32,"column":5}}]},"5":{"type":"branch","line":26,"loc":{"start":{"line":26,"column":4},"end":{"line":31,"column":18}},"locations":[{"start":{"line":26,"column":4},"end":{"line":31,"column":18}}]},"6":{"type":"branch","line":80,"loc":{"start":{"line":80,"column":12},"end":{"line":106,"column":5}},"locations":[{"start":{"line":80,"column":12},"end":{"line":106,"column":5}}]},"7":{"type":"branch","line":81,"loc":{"start":{"line":81,"column":22},"end":{"line":84,"column":25}},"locations":[{"start":{"line":81,"column":22},"end":{"line":84,"column":25}}]},"8":{"type":"branch","line":84,"loc":{"start":{"line":84,"column":25},"end":{"line":105,"column":38}},"locations":[{"start":{"line":84,"column":25},"end":{"line":105,"column":38}}]}},"b":{"0":[4],"1":[0],"2":[0],"3":[1],"4":[4],"5":[0],"6":[4],"7":[0],"8":[0]},"fnMap":{"0":{"name":"CropRegionSelector","decl":{"start":{"line":10,"column":7},"end":{"line":144,"column":1}},"loc":{"start":{"line":10,"column":7},"end":{"line":144,"column":1}},"line":10},"1":{"name":"img.onload","decl":{"start":{"line":28,"column":17},"end":{"line":30,"column":6}},"loc":{"start":{"line":28,"column":17},"end":{"line":30,"column":6}},"line":28},"2":{"name":"handleMouseDown","decl":{"start":{"line":34,"column":26},"end":{"line":44,"column":4}},"loc":{"start":{"line":34,"column":26},"end":{"line":44,"column":4}},"line":34},"3":{"name":"handleMouseMove","decl":{"start":{"line":46,"column":26},"end":{"line":56,"column":4}},"loc":{"start":{"line":46,"column":26},"end":{"line":56,"column":4}},"line":46},"4":{"name":"handleMouseUp","decl":{"start":{"line":58,"column":24},"end":{"line":77,"column":4}},"loc":{"start":{"line":58,"column":24},"end":{"line":77,"column":4}},"line":58},"5":{"name":"handleClearRegion","decl":{"start":{"line":108,"column":28},"end":{"line":110,"column":4}},"loc":{"start":{"line":108,"column":28},"end":{"line":110,"column":4}},"line":108}},"f":{"0":4,"1":0,"2":0,"3":0,"4":0,"5":0}}
,"/home/user/designdiff/app/desktop/src/component/compare/diff-marker.tsx": {"path":"/home/user/designdiff/app/desktop/src/component/compare/diff-marker.tsx","all":false,"statementMap":{"0":{"start":{"line":1,"column":0},"end":{"line":1,"column":47}},"9":{"start":{"line":10,"column":0},"end":{"line":10,"column":66}},"10":{"start":{"line":11,"column":0},"end":{"line":11,"column":33}},"11":{"start":{"line":12,"column":0},"end":{"line":12,"column":44}},"13":{"start":{"line":14,"column":0},"end":{"line":14,"column":10}},"14":{"start":{"line":15,"column":0},"end":{"line":15,"column":8}},"15":{"start":{"line":16,"column":0},"end":{"line":16,"column":129}},"16":{"start":{"line":17,"column":0},"end":{"line":17,"column":14}},"17":{"start":{"line":18,"column":0},"end":{"line":18,"column":30}},"18":{"start":{"line":19,"column":0},"end":{"line":19,"column":29}},"19":{"start":{"line":20,"column":0},"end":{"line":20,"column":35}},"20":{"start":{"line":21,"column":0},"end":{"line":21,"column":37}},"21":{"start":{"line":22,"column":0},"end":{"line":22,"column":8}},"22":{"start":{"line":23,"column":0},"end":{"line":23,"column":23}},"23":{"start":{"line":24,"column":0},"end":{"line":24,"column":25}},"24":{"start":{"line":25,"column":0},"end":{"line":25,"column":49}},"25":{"start":{"line":26,"column":0},"end":{"line":26,"column":29}},"26":{"start":{"line":27,"column":0},"end":{"line":27,"column":22}},"27":{"start":{"line":28,"column":0},"end":{"line":28,"column":9}},"28":{"start":{"line":29,"column":0},"end":{"line":29,"column":8}},"29":{"start":{"line":30,"column":0},"end":{"line":30,"column":19}},"30":{"start":{"line":31,"column":0},"end":{"line":31,"column":18}},"31":{"start":{"line":32,"column":0},"end":{"line":32,"column":68}},"33":{"start":{"line":34,"column":0},"end":{"line":34,"column":135}},"34":{"start":{"line":35,"column":0},"end":{"line":35,"column":23}},"35":{"start":{"line":36,"column":0},"end":{"line":36,"column":13}},"36":{"start":{"line":37,"column":0},"end":{"line":37,"column":10}},"38":{"start":{"line":39,"column":0},"end":{"line":39,"column":1}}},"s":{"0":1,"9":1,"10":7,"11":7,"13":7,"14":7,"15":7,"16":7,"17":7,"18":7,"19":7,"20":7,"21":7,"22":7,"23":7,"24":3,"25":3,"26":3,"27":3,"28":3,"29":7,"30":7,"31":7,"33":7,"34":7,"35":7,"36":7,"38":7},"branchMap":{"0":{"type":"branch","line":10,"loc":{"start":{"line":10,"column":7},"end":{"line":39,"column":1}},"locations":[{"start":{"line":10,"column":7},"end":{"line":39,"column":1}}]},"1":{"type":"branch","line":24,"loc":{"start":{"line":24,"column":17},"end":{"line":29,"column":8}},"locations":[{"start":{"line":24,"column":17},"end":{"line":29,"column":8}}]},"2":{"type":"branch","line":25,"loc":{"start":{"line":25,"column":22},"end":{"line":25,"column":48}},"locations":[{"start":{"line":25,"column":22},"end":{"line":25,"column":48}}]},"3":{"type":"branch","line":27,"loc":{"start":{"line":27,"column":10},"end":{"line":27,"column":22}},"locations":[{"start":{"line":27,"column":10},"end":{"line":27,"column":22}}]}},"b":{"0":[7],"1":[3],"2":[1],"3":[2]},"fnMap":{"0":{"name":"DiffMarker","decl":{"start":{"line":10,"column":7},"end":{"line":39,"column":1}},"loc":{"start":{"line":10,"column":7},"end":{"line":39,"column":1}},"line":10},"1":{"name":"onKeyDown","decl":{"start":{"line":24,"column":17},"end":{"line":29,"column":8}},"loc":{"start":{"line":24,"column":17},"end":{"line":29,"column":8}},"line":24}},"f":{"0":7,"1":3}}
,"/home/user/designdiff/app/desktop/src/component/compare/view-mode-toggle.tsx": {"path":"/home/user/designdiff/app/desktop/src/component/compare/view-mode-toggle.tsx","all":false,"statementMap":{"0":{"start":{"line":1,"column":0},"end":{"line":1,"column":94}},"1":{"start":{"line":2,"column":0},"end":{"line":2,"column":47}},"3":{"start":{"line":4,"column":0},"end":{"line":4,"column":47}},"4":{"start":{"line":5,"column":0},"end":{"line":5,"column":71}},"6":{"start":{"line":7,"column":0},"end":{"line":7,"column":22}},"9":{"start":{"line":10,"column":0},"end":{"line":10,"column":7}},"10":{"start":{"line":11,"column":0},"end":{"line":11,"column":41}},"11":{"start":{"line":12,"column":0},"end":{"line":12,"column":40}},"12":{"start":{"line":13,"column":0},"end":{"line":13,"column":46}},"13":{"start":{"line":14,"column":0},"end":{"line":14,"column":38}},"14":{"start":{"line":15,"column":0},"end":{"line":15,"column":42}},"15":{"start":{"line":16,"column":0},"end":{"line":16,"column":42}},"16":{"start":{"line":17,"column":0},"end":{"line":17,"column":34}},"17":{"start":{"line":18,"column":0},"end":{"line":18,"column":2}},"19":{"start":{"line":20,"column":0},"end":{"line":20,"column":34}},"20":{"start":{"line":21,"column":0},"end":{"line":21,"column":33}},"21":{"start":{"line":22,"column":0},"end":{"line":22,"column":54}},"23":{"start":{"line":24,"column":0},"end":{"line":24,"column":10}},"24":{"start":{"line":25,"column":0},"end":{"line":25,"column":45}},"25":{"start":{"line":26,"column":0},"end":{"line":26,"column":71}},"26":{"start":{"line":27,"column":0},"end":{"line":27,"column":36}},"27":{"start":{"line":28,"column":0},"end":{"line":28,"column":13}},"28":{"start":{"line":29,"column":0},"end":{"line":29,"column":78}},"29":{"start":{"line":30,"column":0},"end":{"line":30,"column":38}},"30":{"start":{"line":31,"column":0},"end":{"line":31,"column":33}},"31":{"start":{"line":32,"column":0},"end":{"line":32,"column":48}},"32":{"start":{"line":33,"column":0},"end":{"line":33,"column":18}},"33":{"start":{"line":34,"column":0},"end":{"line":34,"column":19}},"34":{"start":{"line":35,"column":0},"end":{"line":35,"column":27}},"35":{"start":{"line":36,"column":0},"end":{"line":36,"column":54}},"36":{"start":{"line":37,"column":0},"end":{"line":37,"column":25}},"37":{"start":{"line":38,"column":0},"end":{"line":38,"column":50}},"38":{"start":{"line":39,"column":0},"end":{"line":39,"column":51}},"39":{"start":{"line":40,"column":0},"end":{"line":40,"column":86}},"40":{"start":{"line":41,"column":0},"end":{"line":41,"column":25}},"41":{"start":{"line":42,"column":0},"end":{"line":42,"column":24}},"42":{"start":{"line":43,"column":0},"end":{"line":43,"column":50}},"43":{"start":{"line":44,"column":0},"end":{"line":44,"column":84}},"46":{"start":{"line":47,"column":0},"end":{"line":47,"column":46}},"47":{"start":{"line":48,"column":0},"end":{"line":48,"column":21}},"49":{"start":{"line":50,"column":0},"end":{"line":50,"column":11}},"50":{"start":{"line":51,"column":0},"end":{"line":51,"column":12}},"51":{"start":{"line":52,"column":0},"end":{"line":52,"column":10}},"53":{"start":{"line":54,"column":0},"end":{"line":54,"column":1}}},"s":{"0":1,"1":1,"3":1,"4":1,"6":1,"9":1,"10":1,"11":1,"12":1,"13":1,"14":1,"15":1,"16":1,"17":1,"19":1,"20":6,"21":6,"23":6,"24":6,"25":6,"26":6,"27":6,"28":6,"29":6,"30":42,"31":42,"32":42,"33":42,"34":42,"35":42,
[...]
:1,"31":1,"33":9,"34":1,"35":1,"36":1,"37":1,"39":9,"40":2,"41":2,"42":2,"43":2,"45":2,"46":2,"47":2,"48":2,"49":2,"50":2,"51":2,"52":2,"54":9,"55":5,"56":5,"57":5,"58":5,"60":9,"62":9,"64":9,"65":1},"branchMap":{"0":{"type":"branch","line":21,"loc":{"start":{"line":21,"column":52},"end":{"line":66,"column":2}},"locations":[{"start":{"line":21,"column":52},"end":{"line":66,"column":2}}]},"1":{"type":"branch","line":28,"loc":{"start":{"line":28,"column":17},"end":{"line":32,"column":4}},"locations":[{"start":{"line":28,"column":17},"end":{"line":32,"column":4}}]},"2":{"type":"branch","line":34,"loc":{"start":{"line":34,"column":20},"end":{"line":38,"column":4}},"locations":[{"start":{"line":34,"column":20},"end":{"line":38,"column":4}}]},"3":{"type":"branch","line":40,"loc":{"start":{"line":40,"column":16},"end":{"line":53,"column":4}},"locations":[{"start":{"line":40,"column":16},"end":{"line":53,"column":4}}]},"4":{"type":"branch","line":47,"loc":{"start":{"line":47,"column":30},"end":{"line":47,"column":50}},"locations":[{"start":{"line":47,"column":30},"end":{"line":47,"column":50}}]},"5":{"type":"branch","line":55,"loc":{"start":{"line":55,"column":12},"end":{"line":59,"column":4}},"locations":[{"start":{"line":55,"column":12},"end":{"line":59,"column":4}}]},"6":{"type":"branch","line":61,"loc":{"start":{"line":61,"column":23},"end":{"line":61,"column":75}},"locations":[{"start":{"line":61,"column":23},"end":{"line":61,"column":75}}]},"7":{"type":"branch","line":65,"loc":{"start":{"line":65,"column":20},"end":{"line":65,"column":58}},"locations":[{"start":{"line":65,"column":20},"end":{"line":65,"column":58}}]}},"b":{"0":[9],"1":[1],"2":[1],"3":[2],"4":[0],"5":[5],"6":[1],"7":[1]},"fnMap":{"0":{"name":"setFigmaToken","decl":{"start":{"line":28,"column":17},"end":{"line":32,"column":4}},"loc":{"start":{"line":28,"column":17},"end":{"line":32,"column":4}},"line":28},"1":{"name":"removeFigmaToken","decl":{"start":{"line":34,"column":20},"end":{"line":38,"column":4}},"loc":{"start":{"line":34,"column":20},"end":{"line":38,"column":4}},"line":34},"2":{"name":"loadSettings","decl":{"start":{"line":40,"column":16},"end":{"line":53,"column":4}},"loc":{"start":{"line":40,"column":16},"end":{"line":53,"column":4}},"line":40},"3":{"name":"setTheme","decl":{"start":{"line":55,"column":12},"end":{"line":59,"column":4}},"loc":{"start":{"line":55,"column":12},"end":{"line":59,"column":4}},"line":55},"4":{"name":"setDefaultThreshold","decl":{"start":{"line":61,"column":23},"end":{"line":61,"column":75}},"loc":{"start":{"line":61,"column":23},"end":{"line":61,"column":75}},"line":61},"5":{"name":"requireToken","decl":{"start":{"line":63,"column":16},"end":{"line":63,"column":53}},"loc":{"start":{"line":63,"column":16},"end":{"line":63,"column":53}},"line":63},"6":{"name":"closeTokenDialog","decl":{"start":{"line":65,"column":20},"end":{"line":65,"column":58}},"loc":{"start":{"line":65,"column":20},"end":{"line":65,"column":58}},"line":65}},"f":{"0":1,"1":1,"2":2,"3":5,"4":1,"5":0,"6":1}}
,"/home/user/designdiff/app/desktop/src/store/tab-store.ts": {"path":"/home/user/designdiff/app/desktop/src/store/tab-store.ts","all":false,"statementMap":{"0":{"start":{"line":1,"column":0},"end":{"line":1,"column":33}},"22":{"start":{"line":23,"column":0},"end":{"line":23,"column":37}},"23":{"start":{"line":24,"column":0},"end":{"line":24,"column":71}},"24":{"start":{"line":25,"column":0},"end":{"line":25,"column":2}},"26":{"start":{"line":27,"column":0},"end":{"line":27,"column":60}},"27":{"start":{"line":28,"column":0},"end":{"line":28,"column":11}},"28":{"start":{"line":29,"column":0},"end":{"line":29,"column":20}},"30":{"start":{"line":31,"column":0},"end":{"line":31,"column":34}},"31":{"start":{"line":32,"column":0},"end":{"line":32,"column":27}},"32":{"start":{"line":33,"column":0},"end":{"line":33,"column":65}},"33":{"start":{"line":34,"column":0},"end":{"line":34,"column":19}},"34":{"start":{"line":35,"column":0},"end":{"line":35,"column":40}},"35":{"start":{"line":36,"column":0},"end":{"line":36,"column":25}},"36":{"start":{"line":37,"column":0},"end":{"line":37,"column":5}},"37":{"start":{"line":38,"column":0},"end":{"line":38,"column":31}},"38":{"start":{"line":39,"column":0},"end":{"line":39,"column":71}},"39":{"start":{"line":40,"column":0},"end":{"line":40,"column":54}},"40":{"start":{"line":41,"column":0},"end":{"line":41,"column":14}},"41":{"start":{"line":42,"column":0},"end":{"line":42,"column":4}},"43":{"start":{"line":44,"column":0},"end":{"line":44,"column":24}},"44":{"start":{"line":45,"column":0},"end":{"line":45,"column":40}},"45":{"start":{"line":46,"column":0},"end":{"line":46,"column":56}},"46":{"start":{"line":47,"column":0},"end":{"line":47,"column":33}},"47":{"start":{"line":48,"column":0},"end":{"line":48,"column":32}},"48":{"start":{"line":49,"column":0},"end":{"line":49,"column":56}},"49":{"start":{"line":50,"column":0},"end":{"line":50,"column":37}},"50":{"start":{"line":51,"column":0},"end":{"line":51,"column":33}},"51":{"start":{"line":52,"column":0},"end":{"line":52,"column":48}},"52":{"start":{"line":53,"column":0},"end":{"line":53,"column":5}},"53":{"start":{"line":54,"column":0},"end":{"line":54,"column":53}},"54":{"start":{"line":55,"column":0},"end":{"line":55,"column":4}},"56":{"start":{"line":57,"column":0},"end":{"line":57,"column":28}},"57":{"start":{"line":58,"column":0},"end":{"line":58,"column":32}},"58":{"start":{"line":59,"column":0},"end":{"line":59,"column":4}},"60":{"start":{"line":61,"column":0},"end":{"line":61,"column":32}},"61":{"start":{"line":62,"column":0},"end":{"line":62,"column":9}},"62":{"start":{"line":63,"column":0},"end":{"line":63,"column":73}},"63":{"start":{"line":64,"column":0},"end":{"line":64,"column":7}},"64":{"start":{"line":65,"column":0},"end":{"line":65,"column":4}},"66":{"start":{"line":67,"column":0},"end":{"line":67,"column":23}},"67":{"start":{"line":68,"column":0},"end":{"line":68,"column":40}},"68":{"start":{"line":69,"column":0},"end":{"line":69,"column":58}},"69":{"start":{"line":70,"column":0},"end":{"line":70,"column":4}},"70":{"start":{"line":71,"column":0},"end":{"line":71,"column":4}}},"s":{"0":1,"22":1,"23":12,"24":12,"26":1,"27":2,"28":2,"30":2,"31":13,"32":13,"33":13,"34":1,"35":1,"36":1,"37":12,"38":12,"39":12,"40":12,"41":13,"43":2,"44":3,"45":3,"46":3,"47":3,"48":3,"49":3,"50":3,"51":3,"52":3,"53":3,"54":3,"56":2,"57":3,"58":3,"60":2,"61":1,"62":1,"63":1,"64":1,"66":2,"67":2,"68":2,"69":2,"70":1},"branchMap":{"0":{"type":"branch","line":23,"loc":{"start":{"line":23,"column":22},"end":{"line":25,"column":2}},"locations":[{"start":{"line":23,"column":22},"end":{"line":25,"column":2}}]},"1":{"type":"branch","line":27,"loc":{"start":{"line":27,"column":44},"end":{"line":71,"column":2}},"locations":[{"start":{"line":27,"column":44},"end":{"line":71,"column":2}}]},"2":{"type":"branch","line":31,"loc":{"start":{"line":31,"column":11},"end":{"line":42,"column":4}},"locations":[{"start":{"line":31,"column":11},"end":{"line":42,"column":4}}]},"3":{"type":"branch","line":34,"loc":{"start":{"line":34,"column":18},"end":{"line":37,"column":5}},"locations":[{"start":{"line":34,"column":18},"end":{"line":37,"column":5}}]},"4":{"type":"branch","line":37,"loc":{"start":{"line":37,"column":4},"end":{"line":41,"column":14}},"locations":[{"start":{"line":37,"column":4},"end":{"line":41,"column":14}}]},"5":{"type":"branch","line":33,"loc":{"start":{"line":33,"column":31},"end":{"line":33,"column":63}},"locations":[{"start":{"line":33,"column":31},"end":{"line":33,"column":63}}]},"6":{"type":"branch","line":44,"loc":{"start":{"line":44,"column":12},"end":{"line":55,"column":4}},"locations":[{"start":{"line":44,"column":12},"end":{"line":55,"column":4}}]},"7":{"type":"branch","line":52,"loc":{"start":{"line":52,"column":19},"end":{"line":52,"column":31}},"locations":[{"start":{"line":52,"column":19},"end":{"line":52,"column":31}}]},"8":{"type":"branch","line":52,"loc":{"start":{"line":52,"column":31},"end":{"line":52,"column":43}},"locations":[{"start":{"line":52,"column":31},"end":{"line":52,"column":43}}]},"9":{"type":"branch","line":52,"loc":{"start":{"line":52,"column":37},"end":{"line":52,"column":48}},"locations":[{"start":{"line":52,"column":37},"end":{"line":52,"column":48}}]},"10":{"type":"branch","line":46,"loc":{"start":{"line":46,"column":33},"end":{"line":46,"column":54}},"locations":[{"start":{"line":46,"column":33},"end":{"line":46,"column":54}}]},"11":{"type":"branch","line":49,"loc":{"start":{"line":49,"column":33},"end":{"line":49,"column":54}},"locations":[{"start":{"line":49,"column":33},"end":{"line":49,"column":54}}]},"12":{"type":"branch","line":57,"loc":{"start":{"line":57,"column":16},"end":{"line":59,"column":4}},"locations":[{"start":{"line":57,"column":16},"end":{"line":59,"column":4}}]},"13":{"type":"branch","line":61,"loc":{"start":{"line":61,"column":14},"end":{"line":65,"column":4}},"locations":[{"start":{"line":61,"column":14},"end":{"line":65,"column":4}}]},"14":{"type":"branch","line":63,"loc":{"start":{"line":63,"column":27},"end":{"line":63,"column":71}},"locations":[{"start":{"line":63,"column":27},"end":{"line":63,"column":71}}]},"15":{"type":"branch","line":63,"loc":{"start":{"line":63,"column":65},"end":{"line":63,"column":71}},"locations":[{"start":{"line":63,"column":65},"end":{"line":63,"column":71}}]},"16":{"type":"branch","line":67,"loc":{"start":{"line":67,"column":16},"end":{"line":70,"column":4}},"locations":[{"start":{"line":67,"column":16},"end":{"line":70,"column":4}}]},"17":{"type":"branch","line":69,"loc":{"start":{"line":69,"column":48},"end":{"line":69,"column":58}},"locations":[{"start":{"line":69,"column":48},"end":{"line":69,"column":58}}]},"18":{"type":"branch","line":69,"loc":{"start":{"line":69,"column":21},"end":{"line":69,"column":48}},"locations":[{"start":{"line":69,"column":21},"end":{"line":69,"column":48}}]}},"b":{"0":[12],"1":[2],"2":[13],"3":[1],"4":[12],"5":[4],"6":[3],"7":[0],"8":[1],"9":[2],"10":[4],"11":[4],"12":[3],"13":[1],"14":[1],"15":[0],"16":[2],"17":[1],"18":[1]},"fnMap":{"0":{"name":"generateTabId","decl":{"start":{"line":23,"column":22},"end":{"line":25,"column":2}},"loc":{"start":{"line":23,"column":22},"end":{"line":25,"column":2}},"line":23},"1":{"name":"openTab","decl":{"start":{"line":31,"column":11},"end":{"line":42,"column":4}},"loc":{"start":{"line":31,"column":11},"end":{"line":42,"column":4}},"line":31},"2":{"name":"closeTab","decl":{"start":{"line":44,"column":12},"end":{"line":55,"column":4}},"loc":{"start":{"line":44,"column":12},"end":{"line":55,"column":4}},"line":44},"3":{"name":"setActiveTab","decl":{"start":{"line":57,"column":16},"end":{"line":59,"column":4}},"loc":{"start":{"line":57,"column":16},"end":{"line":59,"column":4}},"line":57},"4":{"name":"setTabPage","decl":{"start":{"line":61,"column":14},"end":{"line":65,"column":4}},"loc":{"start":{"line":61,"column":14},"end":{"line":65,"column":4}},"line":61},"5":{"name":"getActiveTab","decl":{"start":{"line":67,"column":16},"end":{"line":70,"column":4}},"loc":{"start":{"line":67,"column":16},"end":{"line":70,"column":4}},"line":67}},"f":{"0":12,"1":13,"2":3,"3":3,"4":1,"5":2}}
,"/home/user/designdiff/app/desktop/src/util/canvas-image.ts": {"path":"/home/user/designdiff/app/desktop/src/util/canvas-image.ts","all":false,"statementMap":{"0":{"start":{"line":1,"column":0},"end":{"line":1,"column":77}},"1":{"start":{"line":2,"column":0},"end":{"line":2,"column":43}},"2":{"start":{"line":3,"column":0},"end":{"line":3,"column":28}},"3":{"start":{"line":4,"column":0},"end":{"line":4,"column":36}},"4":{"start":{"line":5,"column":0},"end":{"line":5,"column":25}},"5":{"start":{"line":6,"column":0},"end":{"line":6,"column":48}},"6":{"start":{"line":7,"column":0},"end":{"line":7,"column":5}},"7":{"start":{"line":8,"column":0},"end":{"line":8,"column":1}},"9":{"start":{"line":10,"column":0},"end":{"line":10,"column":70}},"10":{"start":{"line":11,"column":0},"end":{"line":11,"column":50}},"11":{"start":{"line":12,"column":0},"end":{"line":12,"column":34}},"12":{"start":{"line":13,"column":0},"end":{"line":13,"column":36}},"13":{"start":{"line":14,"column":0},"end":{"line":14,"column":38}},"14":{"start":{"line":15,"column":0},"end":{"line":15,"column":60}},"15":{"start":{"line":16,"column":0},"end":{"line":16,"column":27}},"16":{"start":{"line":17,"column":0},"end":{"line":17,"column":61}},"17":{"start":{"line":18,"column":0},"end":{"line":18,"column":1}},"19":{"start":{"line":20,"column":0},"end":{"line":20,"column":33}},"20":{"start":{"line":21,"column":0},"end":{"line":21,"column":24}},"21":{"start":{"line":22,"column":0},"end":{"line":22,"column":12}},"22":{"start":{"line":23,"column":0},"end":{"line":23,"column":12}},"23":{"start":{"line":24,"column":0},"end":{"line":24,"column":16}},"24":{"start":{"line":25,"column":0},"end":{"line":25,"column":17}},"25":{"start":{"line":26,"column":0},"end":{"line":26,"column":14}},"26":{"start":{"line":27,"column":0},"end":{"line":27,"column":27}},"27":{"start":{"line":28,"column":0},"end":{"line":28,"column":27}},"28":{"start":{"line":29,"column":0},"end":{"line":29,"column":31}},"29":{"start":{"line":30,"column":0},"end":{"line":30,"column":32}},"31":{"start":{"line":32,"column":0},"end":{"line":32,"column":50}},"32":{"start":{"line":33,"column":0},"end":{"line":33,"column":20}},"33":{"start":{"line":34,"column":0},"end":{"line":34,"column":21}},"34":{"start":{"line":35,"column":0},"end":{"line":35,"column":38}},"35":{"start":{"line":36,"column":0},"end":{"line":36,"column":60}},"36":{"start":{"line":37,"column":0},"end":{"line":37,"column":51}},"37":{"start":{"line":38,"column":0},"end":{"line":38,"column":40}},"38":{"start":{"line":39,"column":0},"end":{"line":39,"column":1}},"40":{"start":{"line":41,"column":0},"end":{"line":41,"column":32}},"41":{"start":{"line":42,"column":0},"end":{"line":42,"column":47}},"42":{"start":{"line":43,"column":0},"end":{"line":43,"column":22}},"43":{"start":{"line":44,"column":0},"end":{"line":44,"column":23}},"44":{"start":{"line":45,"column":0},"end":{"line":45,"column":14}},"45":{"start":{"line":46,"column":0},"end":{"line":46,"column":50}},"46":{"start":{"line":47,"column":0},"end":{"line":47,"column":29}},"47":{"start":{"line":48,"column":0},"end":{"line":48,"column":31}},"48":{"start":{"line":49,"column":0},"end":{"line":49,"column":38}},"49":{"start":{"line":50,"column":0},"end":{"line":50,"column":60}},"50":{"start":{"line":51,"column":0},"end":{"line":51,"column":35}},"51":{"start":{"line":52,"column":0},"end":{"line":52,"column":37}},"52":{"start":{"line":53,"column":0},"end":{"line":53,"column":57}},"53":{"start":{"line":54,"column":0},"end":{"line":54,"column":59}},"54":{"start":{"line":55,"column":0},"end":{"line":55,"column":1}},"56":{"start":{"line":57,"column":0},"end":{"line":57,"column":76}},"57":{"start":{"line":58,"column":0},"end":{"line":58,"column":50}},"58":{"start":{"line":59,"column":0},"end":{"line":59,"column":33}},"59":{"start":{"line":60,"column":0},"end":{"line":60,"column":35}},"60":{"start":{"line":61,"column":0},"end":{"line":61,"column":38}},"61":{"start":{"line":62,"column":0},"end":{"line":62,"column":60}},"62":{"start":{"line":63,"column":0},"end":{"line":63,"column":36}},"63":{"start":{"line":64,"column":0},"end":{"line":64,"column":16}},"64":{"start":{"line":65,"column":0},"end":{"line":65,"column":1}},"66":{"start":{"line":67,"column":0},"end":{"line":67,"column":65}},"67":{"start":{"line":68,"column":0},"end":{"line":68,"column":46}},"68":{"start":{"line":69,"column":0},"end":{"line":69,"column":48}},"69":{"start":{"line":70,"column":0},"end":{"line":70,"column":35}},"70":{"start":{"line":71,"column":0},"end":{"line":71,"column":24}},"71":{"start":{"line":72,"column":0},"end":{"line":72,"column":1}}},"s":{"0":1,"1":2,"2":2,"3":2,"4":2,"5":2,"6":2,"7":2,"9":1,"10":1,"11":1,"12":1,"13":1,"14":1,"15":1,"16":1,"17":1,"19":1,"20":1,"21":1,"22":1,"23":1,"24":1,"25":1,"26":1,"27":1,"28":1,"29":1,"31":1,"32":1,"33":1,"34":1,"35":1,"36":1,"37":1,"38":1,"40":1,"41":1,"42":1,"43":1,"44":1,"45":1,"46":1,"47":1,"48":1,"49":1,"50":1,"51":1,"52":1,"53":1,"54":1,"56":1,"57":2,"58":2,"59":2,"60":2,"61":2,"62":2,"63":2,"64":2,"66":1,"67":1,"68":1,"69":1,"70":1,"71":1},"branchMap":{"0":{"type":"branch","line":1,"loc":{"start":{"line":1,"column":7},"end":{"line":8,"column":1}},"locations":[{"start":{"line":1,"column":7},"end":{"line":8,"column":1}}]},"1":{"type":"branch","line":2,"loc":{"start":{"line":2,"column":21},"end":{"line":7,"column":3}},"locations":[{"start":{"line":2,"column":21},"end":{"line":7,"column":3}}]},"2":{"type":"branch","line":4,"loc":{"start":{"line":4,"column":17},"end":{"line":4,"column":36}},"locations":[{"start":{"line":4,"column":17},"end":{"line":4,"column":36}}]},"3":{"type":"branch","line":10,"loc":{"start":{"line":10,"column":7},"end":{"line":18,"column":1}},"locations":[{"start":{"line":10,"column":7},"end":{"line":18,"column":1}}]},"4":{"type":"branch","line":15,"loc":{"start":{"line":15,"column":12},"end":{"line":15,"column":60}},"locations":[{"start":{"line":15,"column":12},"end":{"line":15,"column":60}}]},"5":{"type":"branch","line":20,"loc":{"start":{"line":20,"column":7},"end":{"line":39,"column":1}},"locations":[{"start":{"line":20,"column":7},"end":{"line":39,"column":1}}]},"6":{"type":"branch","line":36,"loc":{"start":{"line":36,"column":12},"end":{"line":36,"column":60}},"locations":[{"start":{"line":36,"column":12},"end":{"line":36,"column":60}}]},"7":{"type":"branch","line":41,"loc":{"start":{"line":41,"column":7},"end":{"line":55,"column":1}},"locations":[{"start":{"line":41,"column":7},"end":{"line":55,"column":1}}]},"8":{"type":"branch","line":50,"loc":{"start":{"line":50,"column":12},"end":{"line":50,"column":60}},"locations":[{"start":{"line":50,"column":12},"end":{"line":50,"column":60}}]},"9":{"type":"branch","line":57,"loc":{"start":{"line":57,"column":7},"end":{"line":65,"column":1}},"locations":[{"start":{"line":57,"column":7},"end":{"line":65,"column":1}}]},"10":{"type":"branch","line":62,"loc":{"start":{"line":62,"column":12},"end":{"line":62,"column":60}},"locations":[{"start":{"line":62,"column":12},"end":{"line":62,"column":60}}]},"11":{"type":"branch","line":67,"loc":{"start":{"line":67,"column":7},"end":{"line":72,"column":1}},"locations":[{"start":{"line":67,"column":7},"end":{"line":72,"column":1}}]},"12":{"type":"branch","line":71,"loc":{"start":{"line":71,"column":16},"end":{"line":71,"column":24}},"locations":[{"start":{"line":71,"column":16},"end":{"line":71,"column":24}}]}},"b":{"0":[2],"1":[2],"2":[1],"3":[1],"4":[0],"5":[1],"6":[0],"7":[1],"8":[0],"9":[2],"10":[0],"11":[1],"12":[0]},"fnMap":{"0":{"name":"loadImageElement","decl":{"start":{"line":1,"column":7},"end":{"line":8,"column":1}},"loc":{"start":{"line":1,"column":7},"end":{"line":8,"column":1}},"line":1},"1":{"name":"img.onload","decl":{"start":{"line":4,"column":17},"end":{"line":4,"column":36}},"loc":{"start":{"line":4,"column":17},"end":{"line":4,"column":36}},"line":4},"2":{"name":"imageElementToData","decl":{"start":{"line":10,"column":7},"end":{"line":18,"column":1}},"loc":{"start":{"line":10,"column":7},"end":{"line":18,"column":1}},"line":10},"3":{"name":"cropImageElement","decl":{"start":{"line":20,"column":7},"end":{"line":39,"column":1}},"loc":{"start":{"line":20,"column":7},"end":{"line":39,"column":1}},"line":20},"4":{"name":"resizeImageData","decl":{"start":{"line":41,"column":7},"end":{"line":55,"column":1}},"loc":{"start":{"line":41,"column":7},"end":{"line":55,"column":1}},"line":41},"5":{"name":"imageDataToCanvas","decl":{"start":{"line":57,"column":7},"end":{"line":65,"column":1}},"loc":{"start":{"line":57,"column":7},"end":{"line":65,"column":1}},"line":57},"6":{"name":"imageDataToBase64","decl":{"start":{"line":67,"column":7},"end":{"line":72,"column":1}},"loc":{"start":{"line":67,"column":7},"end":{"line":72,"column":1}},"line":67}},"f":{"0":2,"1":1,"2":1,"3":1,"4":1,"5":2,"6":1}}
}
